#
# There is insufficient memory for the Java Runtime Environment to continue.
# Native memory allocation (malloc) failed to allocate 1107936 bytes for Chunk::new
# Possible reasons:
#   The system is out of physical RAM or swap space
#   The process is running with CompressedOops enabled, and the Java Heap may be blocking the growth of the native heap
# Possible solutions:
#   Reduce memory load on the system
#   Increase physical memory or swap space
#   Check if swap backing store is full
#   Decrease Java heap size (-Xmx/-Xms)
#   Decrease number of Java threads
#   Decrease Java thread stack sizes (-Xss)
#   Set larger code cache with -XX:ReservedCodeCacheSize=
#   JVM is running with Unscaled Compressed Oops mode in which the Java heap is
#     placed in the first 4GB address space. The Java Heap base address is the
#     maximum limit for the native heap growth. Please use -XX:HeapBaseMinAddress
#     to set the Java Heap base and to place the Java Heap above 4GB virtual address.
# This output file may be truncated or incomplete.
#
#  Out of Memory Error (arena.cpp:189), pid=416, tid=10732
#
# JRE version: OpenJDK Runtime Environment (17.0.7) (build 17.0.7+0-b2043.56-10550314)
# Java VM: OpenJDK 64-Bit Server VM (17.0.7+0-b2043.56-10550314, mixed mode, tiered, compressed oops, compressed class ptrs, g1 gc, windows-amd64)
# No core dump will be written. Minidumps are not enabled by default on client versions of Windows
#

---------------  S U M M A R Y ------------

Command Line: org.jetbrains.kotlin.cli.jvm.K2JVMCompiler @F:\A Smruti Android Project\RetailonePOS\app\build\20240723_8259631530752611919.compiler.options

Host: Intel(R) Core(TM) i5-6300U CPU @ 2.40GHz, 4 cores, 7G,  Windows 10 , 64 bit Build 19041 (10.0.19041.3636)
Time: Tue Jul 23 18:32:20 2024 India Standard Time elapsed time: 51.631017 seconds (0d 0h 0m 51s)

---------------  T H R E A D  ---------------

Current thread (0x0000023e7ea45610):  JavaThread "C2 CompilerThread0" daemon [_thread_in_native, id=10732, stack(0x0000009334e00000,0x0000009334f00000)]


Current CompileTask:
C2:  51631 16807       4       org.jetbrains.kotlin.com.intellij.psi.impl.file.impl.FileManagerImpl::findDirectory (118 bytes)

Stack: [0x0000009334e00000,0x0000009334f00000]
Native frames: (J=compiled Java code, j=interpreted, Vv=VM code, C=native code)
V  [jvm.dll+0x683bfa]
V  [jvm.dll+0x8430a4]
V  [jvm.dll+0x8449be]
V  [jvm.dll+0x845023]
V  [jvm.dll+0x24ad2f]
V  [jvm.dll+0xac25c]
V  [jvm.dll+0xac82c]
V  [jvm.dll+0x36a187]
V  [jvm.dll+0x1bdf52]
V  [jvm.dll+0x21d3a9]
V  [jvm.dll+0x21c671]
V  [jvm.dll+0x1a605d]
V  [jvm.dll+0x22c148]
V  [jvm.dll+0x22a209]
V  [jvm.dll+0x7f858c]
V  [jvm.dll+0x7f2aea]
V  [jvm.dll+0x682a35]
C  [ucrtbase.dll+0x21bb2]
C  [KERNEL32.DLL+0x17344]
C  [ntdll.dll+0x4cc91]


---------------  P R O C E S S  ---------------

Threads class SMR info:
_java_thread_list=0x0000023e074a8f30, length=13, elements={
0x0000023e65329f60, 0x0000023e7e7a6510, 0x0000023e7e7a7180, 0x0000023e7e7e99b0,
0x0000023e7e7eb370, 0x0000023e7e7ec130, 0x0000023e7e7ecae0, 0x0000023e7ea45610,
0x0000023e7ea45f10, 0x0000023e7ea46810, 0x0000023e7ebc6390, 0x0000023e7ebc2dd0,
0x0000023e072d1e40
}

Java Threads: ( => current thread )
  0x0000023e65329f60 JavaThread "main" [_thread_in_Java, id=6576, stack(0x0000009334100000,0x0000009334200000)]
  0x0000023e7e7a6510 JavaThread "Reference Handler" daemon [_thread_blocked, id=9368, stack(0x0000009334800000,0x0000009334900000)]
  0x0000023e7e7a7180 JavaThread "Finalizer" daemon [_thread_blocked, id=11952, stack(0x0000009334900000,0x0000009334a00000)]
  0x0000023e7e7e99b0 JavaThread "Signal Dispatcher" daemon [_thread_blocked, id=17568, stack(0x0000009334a00000,0x0000009334b00000)]
  0x0000023e7e7eb370 JavaThread "Attach Listener" daemon [_thread_blocked, id=15960, stack(0x0000009334b00000,0x0000009334c00000)]
  0x0000023e7e7ec130 JavaThread "Service Thread" daemon [_thread_blocked, id=11724, stack(0x0000009334c00000,0x0000009334d00000)]
  0x0000023e7e7ecae0 JavaThread "Monitor Deflation Thread" daemon [_thread_blocked, id=17352, stack(0x0000009334d00000,0x0000009334e00000)]
=>0x0000023e7ea45610 JavaThread "C2 CompilerThread0" daemon [_thread_in_native, id=10732, stack(0x0000009334e00000,0x0000009334f00000)]
  0x0000023e7ea45f10 JavaThread "C1 CompilerThread0" daemon [_thread_blocked, id=18020, stack(0x0000009334f00000,0x0000009335000000)]
  0x0000023e7ea46810 JavaThread "Sweeper thread" daemon [_thread_blocked, id=7220, stack(0x0000009335000000,0x0000009335100000)]
  0x0000023e7ebc6390 JavaThread "Notification Thread" daemon [_thread_blocked, id=2848, stack(0x0000009335100000,0x0000009335200000)]
  0x0000023e7ebc2dd0 JavaThread "Common-Cleaner" daemon [_thread_blocked, id=11860, stack(0x0000009335300000,0x0000009335400000)]
  0x0000023e072d1e40 JavaThread "C2 CompilerThread1" daemon [_thread_in_native, id=2084, stack(0x0000009335800000,0x0000009335900000)]

Other Threads:
  0x0000023e7e7a4300 VMThread "VM Thread" [stack: 0x0000009334700000,0x0000009334800000] [id=17508]
  0x0000023e653de6e0 WatcherThread [stack: 0x0000009335200000,0x0000009335300000] [id=7524]
  0x0000023e653bc400 GCTaskThread "GC Thread#0" [stack: 0x0000009334200000,0x0000009334300000] [id=14484]
  0x0000023e7f003910 GCTaskThread "GC Thread#1" [stack: 0x0000009335400000,0x0000009335500000] [id=7652]
  0x0000023e7f003bc0 GCTaskThread "GC Thread#2" [stack: 0x0000009335500000,0x0000009335600000] [id=8208]
  0x0000023e7efc7d50 GCTaskThread "GC Thread#3" [stack: 0x0000009335600000,0x0000009335700000] [id=5728]
  0x0000023e653cd620 ConcurrentGCThread "G1 Main Marker" [stack: 0x0000009334300000,0x0000009334400000] [id=11936]
  0x0000023e653cdf30 ConcurrentGCThread "G1 Conc#0" [stack: 0x0000009334400000,0x0000009334500000] [id=11312]
  0x0000023e7e6104a0 ConcurrentGCThread "G1 Refine#0" [stack: 0x0000009334500000,0x0000009334600000] [id=14520]
  0x0000023e06203020 ConcurrentGCThread "G1 Refine#1" [stack: 0x0000009335700000,0x0000009335800000] [id=9560]
  0x0000023e07bdcae0 ConcurrentGCThread "G1 Refine#2" [stack: 0x0000009335900000,0x0000009335a00000] [id=10380]
  0x0000023e0663f8d0 ConcurrentGCThread "G1 Refine#3" [stack: 0x0000009335a00000,0x0000009335b00000] [id=12384]
  0x0000023e7e610dc0 ConcurrentGCThread "G1 Service" [stack: 0x0000009334600000,0x0000009334700000] [id=5960]

Threads with active compile tasks:
C2 CompilerThread0    51683 16807       4       org.jetbrains.kotlin.com.intellij.psi.impl.file.impl.FileManagerImpl::findDirectory (118 bytes)
C2 CompilerThread1    51683 16875       4       org.jetbrains.kotlin.cfg.variable.PseudocodeVariablesData::getUpperLevelDeclaredVariables (56 bytes)

VM state: not at safepoint (normal execution)

VM Mutex/Monitor currently owned by a thread: None

Heap address: 0x0000000081e00000, size: 2018 MB, Compressed Oops mode: 32-bit

CDS archive(s) not mapped
Compressed class space mapped at: 0x0000000100000000-0x0000000140000000, reserved size: 1073741824
Narrow klass base: 0x0000000000000000, Narrow klass shift: 3, Narrow klass range: 0x140000000

GC Precious Log:
 CPUs: 4 total, 4 available
 Memory: 8071M
 Large Page Support: Disabled
 NUMA Support: Disabled
 Compressed Oops: Enabled (32-bit)
 Heap Region Size: 1M
 Heap Min Capacity: 8M
 Heap Initial Capacity: 128M
 Heap Max Capacity: 2018M
 Pre-touch: Disabled
 Parallel Workers: 4
 Concurrent Workers: 1
 Concurrent Refinement Workers: 4
 Periodic GC: Disabled

Heap:
 garbage-first heap   total 193536K, used 145819K [0x0000000081e00000, 0x0000000100000000)
  region size 1024K, 17 young (17408K), 2 survivors (2048K)
 Metaspace       used 73049K, committed 73536K, reserved 1114112K
  class space    used 8146K, committed 8384K, reserved 1048576K

Heap Regions: E=young(eden), S=young(survivor), O=old, HS=humongous(starts), HC=humongous(continues), CS=collection set, F=free, OA=open archive, CA=closed archive, TAMS=top-at-mark-start (previous, next)
|   0|0x0000000081e00000, 0x0000000081f00000, 0x0000000081f00000|100%|HS|  |TAMS 0x0000000081f00000, 0x0000000081e00000| Complete 
|   1|0x0000000081f00000, 0x0000000082000000, 0x0000000082000000|100%|HC|  |TAMS 0x0000000082000000, 0x0000000081f00000| Complete 
|   2|0x0000000082000000, 0x0000000082100000, 0x0000000082100000|100%|HC|  |TAMS 0x0000000082100000, 0x0000000082000000| Complete 
|   3|0x0000000082100000, 0x0000000082200000, 0x0000000082200000|100%|HC|  |TAMS 0x0000000082200000, 0x0000000082100000| Complete 
|   4|0x0000000082200000, 0x0000000082300000, 0x0000000082300000|100%| O|  |TAMS 0x0000000082300000, 0x0000000082200000| Untracked 
|   5|0x0000000082300000, 0x0000000082400000, 0x0000000082400000|100%| O|  |TAMS 0x0000000082400000, 0x0000000082300000| Untracked 
|   6|0x0000000082400000, 0x0000000082500000, 0x0000000082500000|100%| O|  |TAMS 0x0000000082500000, 0x0000000082400000| Untracked 
|   7|0x0000000082500000, 0x0000000082600000, 0x0000000082600000|100%| O|  |TAMS 0x0000000082600000, 0x0000000082500000| Untracked 
|   8|0x0000000082600000, 0x0000000082700000, 0x0000000082700000|100%| O|  |TAMS 0x0000000082700000, 0x0000000082600000| Untracked 
|   9|0x0000000082700000, 0x0000000082800000, 0x0000000082800000|100%| O|  |TAMS 0x0000000082700000, 0x0000000082700000| Untracked 
|  10|0x0000000082800000, 0x0000000082900000, 0x0000000082900000|100%| O|  |TAMS 0x0000000082900000, 0x0000000082800000| Untracked 
|  11|0x0000000082900000, 0x0000000082a00000, 0x0000000082a00000|100%| O|  |TAMS 0x0000000082a00000, 0x0000000082900000| Untracked 
|  12|0x0000000082a00000, 0x0000000082b00000, 0x0000000082b00000|100%| O|  |TAMS 0x0000000082b00000, 0x0000000082a00000| Untracked 
|  13|0x0000000082b00000, 0x0000000082c00000, 0x0000000082c00000|100%| O|  |TAMS 0x0000000082c00000, 0x0000000082b00000| Untracked 
|  14|0x0000000082c00000, 0x0000000082d00000, 0x0000000082d00000|100%| O|  |TAMS 0x0000000082d00000, 0x0000000082c00000| Untracked 
|  15|0x0000000082d00000, 0x0000000082e00000, 0x0000000082e00000|100%| O|  |TAMS 0x0000000082e00000, 0x0000000082d00000| Untracked 
|  16|0x0000000082e00000, 0x0000000082f00000, 0x0000000082f00000|100%| O|  |TAMS 0x0000000082f00000, 0x0000000082e00000| Untracked 
|  17|0x0000000082f00000, 0x0000000083000000, 0x0000000083000000|100%| O|  |TAMS 0x0000000083000000, 0x0000000082f00000| Untracked 
|  18|0x0000000083000000, 0x0000000083100000, 0x0000000083100000|100%| O|  |TAMS 0x0000000083100000, 0x0000000083000000| Untracked 
|  19|0x0000000083100000, 0x0000000083200000, 0x0000000083200000|100%| O|  |TAMS 0x0000000083200000, 0x0000000083100000| Untracked 
|  20|0x0000000083200000, 0x0000000083300000, 0x0000000083300000|100%| O|  |TAMS 0x0000000083300000, 0x0000000083200000| Untracked 
|  21|0x0000000083300000, 0x0000000083400000, 0x0000000083400000|100%| O|  |TAMS 0x0000000083400000, 0x0000000083300000| Untracked 
|  22|0x0000000083400000, 0x0000000083500000, 0x0000000083500000|100%| O|  |TAMS 0x0000000083500000, 0x0000000083400000| Untracked 
|  23|0x0000000083500000, 0x0000000083600000, 0x0000000083600000|100%|HS|  |TAMS 0x0000000083600000, 0x0000000083500000| Complete 
|  24|0x0000000083600000, 0x0000000083700000, 0x0000000083700000|100%|HC|  |TAMS 0x0000000083700000, 0x0000000083600000| Complete 
|  25|0x0000000083700000, 0x0000000083800000, 0x0000000083800000|100%| O|  |TAMS 0x0000000083800000, 0x0000000083700000| Untracked 
|  26|0x0000000083800000, 0x0000000083900000, 0x0000000083900000|100%| O|  |TAMS 0x0000000083900000, 0x0000000083800000| Untracked 
|  27|0x0000000083900000, 0x0000000083a00000, 0x0000000083a00000|100%| O|  |TAMS 0x0000000083a00000, 0x0000000083900000| Untracked 
|  28|0x0000000083a00000, 0x0000000083b00000, 0x0000000083b00000|100%| O|  |TAMS 0x0000000083b00000, 0x0000000083a00000| Untracked 
|  29|0x0000000083b00000, 0x0000000083c00000, 0x0000000083c00000|100%| O|  |TAMS 0x0000000083c00000, 0x0000000083b00000| Untracked 
|  30|0x0000000083c00000, 0x0000000083d00000, 0x0000000083d00000|100%| O|  |TAMS 0x0000000083d00000, 0x0000000083c00000| Untracked 
|  31|0x0000000083d00000, 0x0000000083e00000, 0x0000000083e00000|100%| O|  |TAMS 0x0000000083e00000, 0x0000000083d00000| Untracked 
|  32|0x0000000083e00000, 0x0000000083f00000, 0x0000000083f00000|100%| O|  |TAMS 0x0000000083f00000, 0x0000000083e00000| Untracked 
|  33|0x0000000083f00000, 0x0000000084000000, 0x0000000084000000|100%| O|  |TAMS 0x0000000083f00000, 0x0000000083f00000| Untracked 
|  34|0x0000000084000000, 0x0000000084100000, 0x0000000084100000|100%| O|  |TAMS 0x0000000084100000, 0x0000000084000000| Untracked 
|  35|0x0000000084100000, 0x0000000084200000, 0x0000000084200000|100%| O|  |TAMS 0x0000000084200000, 0x0000000084100000| Untracked 
|  36|0x0000000084200000, 0x0000000084300000, 0x0000000084300000|100%|HS|  |TAMS 0x0000000084300000, 0x0000000084200000| Complete 
|  37|0x0000000084300000, 0x0000000084400000, 0x0000000084400000|100%|HC|  |TAMS 0x0000000084400000, 0x0000000084300000| Complete 
|  38|0x0000000084400000, 0x0000000084500000, 0x0000000084500000|100%| O|  |TAMS 0x0000000084500000, 0x0000000084400000| Untracked 
|  39|0x0000000084500000, 0x0000000084600000, 0x0000000084600000|100%| O|  |TAMS 0x0000000084600000, 0x0000000084500000| Untracked 
|  40|0x0000000084600000, 0x0000000084700000, 0x0000000084700000|100%| O|  |TAMS 0x0000000084700000, 0x0000000084600000| Untracked 
|  41|0x0000000084700000, 0x0000000084800000, 0x0000000084800000|100%| O|  |TAMS 0x0000000084800000, 0x0000000084700000| Untracked 
|  42|0x0000000084800000, 0x0000000084900000, 0x0000000084900000|100%| O|  |TAMS 0x0000000084900000, 0x0000000084800000| Untracked 
|  43|0x0000000084900000, 0x0000000084a00000, 0x0000000084a00000|100%| O|  |TAMS 0x0000000084a00000, 0x0000000084900000| Untracked 
|  44|0x0000000084a00000, 0x0000000084b00000, 0x0000000084b00000|100%| O|  |TAMS 0x0000000084b00000, 0x0000000084a00000| Untracked 
|  45|0x0000000084b00000, 0x0000000084c00000, 0x0000000084c00000|100%| O|  |TAMS 0x0000000084c00000, 0x0000000084b00000| Untracked 
|  46|0x0000000084c00000, 0x0000000084d00000, 0x0000000084d00000|100%| O|  |TAMS 0x0000000084d00000, 0x0000000084c00000| Untracked 
|  47|0x0000000084d00000, 0x0000000084e00000, 0x0000000084e00000|100%| O|  |TAMS 0x0000000084e00000, 0x0000000084d00000| Untracked 
|  48|0x0000000084e00000, 0x0000000084f00000, 0x0000000084f00000|100%| O|  |TAMS 0x0000000084f00000, 0x0000000084e00000| Untracked 
|  49|0x0000000084f00000, 0x0000000085000000, 0x0000000085000000|100%| O|  |TAMS 0x0000000085000000, 0x0000000084f00000| Untracked 
|  50|0x0000000085000000, 0x0000000085100000, 0x0000000085100000|100%| O|  |TAMS 0x0000000085100000, 0x0000000085000000| Untracked 
|  51|0x0000000085100000, 0x0000000085200000, 0x0000000085200000|100%| O|  |TAMS 0x0000000085200000, 0x0000000085100000| Untracked 
|  52|0x0000000085200000, 0x0000000085300000, 0x0000000085300000|100%| O|  |TAMS 0x0000000085300000, 0x0000000085200000| Untracked 
|  53|0x0000000085300000, 0x0000000085400000, 0x0000000085400000|100%| O|  |TAMS 0x0000000085400000, 0x0000000085300000| Untracked 
|  54|0x0000000085400000, 0x0000000085500000, 0x0000000085500000|100%| O|  |TAMS 0x0000000085500000, 0x0000000085400000| Untracked 
|  55|0x0000000085500000, 0x0000000085600000, 0x0000000085600000|100%| O|  |TAMS 0x0000000085600000, 0x0000000085500000| Untracked 
|  56|0x0000000085600000, 0x0000000085700000, 0x0000000085700000|100%| O|  |TAMS 0x0000000085700000, 0x0000000085600000| Untracked 
|  57|0x0000000085700000, 0x0000000085800000, 0x0000000085800000|100%| O|  |TAMS 0x0000000085800000, 0x0000000085700000| Untracked 
|  58|0x0000000085800000, 0x0000000085900000, 0x0000000085900000|100%| O|  |TAMS 0x0000000085900000, 0x0000000085800000| Untracked 
|  59|0x0000000085900000, 0x0000000085a00000, 0x0000000085a00000|100%| O|  |TAMS 0x0000000085a00000, 0x0000000085900000| Untracked 
|  60|0x0000000085a00000, 0x0000000085b00000, 0x0000000085b00000|100%| O|  |TAMS 0x0000000085b00000, 0x0000000085a00000| Untracked 
|  61|0x0000000085b00000, 0x0000000085c00000, 0x0000000085c00000|100%| O|  |TAMS 0x0000000085c00000, 0x0000000085b00000| Untracked 
|  62|0x0000000085c00000, 0x0000000085d00000, 0x0000000085d00000|100%| O|  |TAMS 0x0000000085d00000, 0x0000000085c00000| Untracked 
|  63|0x0000000085d00000, 0x0000000085e00000, 0x0000000085e00000|100%| O|  |TAMS 0x0000000085e00000, 0x0000000085d00000| Untracked 
|  64|0x0000000085e00000, 0x0000000085f00000, 0x0000000085f00000|100%| O|  |TAMS 0x0000000085f00000, 0x0000000085e00000| Untracked 
|  65|0x0000000085f00000, 0x0000000086000000, 0x0000000086000000|100%| O|  |TAMS 0x0000000086000000, 0x0000000085f00000| Untracked 
|  66|0x0000000086000000, 0x0000000086100000, 0x0000000086100000|100%| O|  |TAMS 0x0000000086100000, 0x0000000086000000| Untracked 
|  67|0x0000000086100000, 0x0000000086200000, 0x0000000086200000|100%| O|  |TAMS 0x0000000086100000, 0x0000000086100000| Untracked 
|  68|0x0000000086200000, 0x0000000086300000, 0x0000000086300000|100%| O|  |TAMS 0x0000000086300000, 0x0000000086200000| Untracked 
|  69|0x0000000086300000, 0x0000000086400000, 0x0000000086400000|100%| O|  |TAMS 0x0000000086400000, 0x0000000086300000| Untracked 
|  70|0x0000000086400000, 0x0000000086500000, 0x0000000086500000|100%| O|  |TAMS 0x0000000086500000, 0x0000000086400000| Untracked 
|  71|0x0000000086500000, 0x0000000086600000, 0x0000000086600000|100%| O|  |TAMS 0x0000000086600000, 0x0000000086500000| Untracked 
|  72|0x0000000086600000, 0x0000000086700000, 0x0000000086700000|100%| O|  |TAMS 0x0000000086700000, 0x0000000086600000| Untracked 
|  73|0x0000000086700000, 0x0000000086800000, 0x0000000086800000|100%| O|  |TAMS 0x0000000086800000, 0x0000000086700000| Untracked 
|  74|0x0000000086800000, 0x0000000086900000, 0x0000000086900000|100%| O|  |TAMS 0x0000000086856c00, 0x0000000086800000| Untracked 
|  75|0x0000000086900000, 0x0000000086a00000, 0x0000000086a00000|100%| O|  |TAMS 0x0000000086900000, 0x0000000086900000| Untracked 
|  76|0x0000000086a00000, 0x0000000086b00000, 0x0000000086b00000|100%| O|  |TAMS 0x0000000086a00000, 0x0000000086a00000| Untracked 
|  77|0x0000000086b00000, 0x0000000086c00000, 0x0000000086c00000|100%| O|  |TAMS 0x0000000086b00000, 0x0000000086b00000| Untracked 
|  78|0x0000000086c00000, 0x0000000086d00000, 0x0000000086d00000|100%| O|  |TAMS 0x0000000086c00000, 0x0000000086c00000| Untracked 
|  79|0x0000000086d00000, 0x0000000086e00000, 0x0000000086e00000|100%| O|  |TAMS 0x0000000086d00000, 0x0000000086d00000| Untracked 
|  80|0x0000000086e00000, 0x0000000086f00000, 0x0000000086f00000|100%| O|  |TAMS 0x0000000086e00000, 0x0000000086e00000| Untracked 
|  81|0x0000000086f00000, 0x0000000087000000, 0x0000000087000000|100%| O|  |TAMS 0x0000000086f00000, 0x0000000086f00000| Untracked 
|  82|0x0000000087000000, 0x0000000087100000, 0x0000000087100000|100%| O|  |TAMS 0x0000000087000000, 0x0000000087000000| Untracked 
|  83|0x0000000087100000, 0x0000000087200000, 0x0000000087200000|100%| O|  |TAMS 0x0000000087100000, 0x0000000087100000| Untracked 
|  84|0x0000000087200000, 0x0000000087300000, 0x0000000087300000|100%| O|  |TAMS 0x0000000087200000, 0x0000000087200000| Untracked 
|  85|0x0000000087300000, 0x0000000087400000, 0x0000000087400000|100%| O|  |TAMS 0x0000000087300000, 0x0000000087300000| Untracked 
|  86|0x0000000087400000, 0x0000000087500000, 0x0000000087500000|100%| O|  |TAMS 0x0000000087400000, 0x0000000087400000| Untracked 
|  87|0x0000000087500000, 0x0000000087600000, 0x0000000087600000|100%| O|  |TAMS 0x0000000087500000, 0x0000000087500000| Untracked 
|  88|0x0000000087600000, 0x0000000087700000, 0x0000000087700000|100%| O|  |TAMS 0x0000000087600000, 0x0000000087600000| Untracked 
|  89|0x0000000087700000, 0x0000000087800000, 0x0000000087800000|100%| O|  |TAMS 0x0000000087700000, 0x0000000087700000| Untracked 
|  90|0x0000000087800000, 0x0000000087900000, 0x0000000087900000|100%| O|  |TAMS 0x0000000087800000, 0x0000000087800000| Untracked 
|  91|0x0000000087900000, 0x0000000087a00000, 0x0000000087a00000|100%| O|  |TAMS 0x0000000087900000, 0x0000000087900000| Untracked 
|  92|0x0000000087a00000, 0x0000000087b00000, 0x0000000087b00000|100%| O|  |TAMS 0x0000000087a00000, 0x0000000087a00000| Untracked 
|  93|0x0000000087b00000, 0x0000000087c00000, 0x0000000087c00000|100%| O|  |TAMS 0x0000000087b00000, 0x0000000087b00000| Untracked 
|  94|0x0000000087c00000, 0x0000000087d00000, 0x0000000087d00000|100%| O|  |TAMS 0x0000000087c00000, 0x0000000087c00000| Untracked 
|  95|0x0000000087d00000, 0x0000000087e00000, 0x0000000087e00000|100%| O|  |TAMS 0x0000000087d00000, 0x0000000087d00000| Untracked 
|  96|0x0000000087e00000, 0x0000000087f00000, 0x0000000087f00000|100%| O|  |TAMS 0x0000000087e00000, 0x0000000087e00000| Untracked 
|  97|0x0000000087f00000, 0x0000000088000000, 0x0000000088000000|100%| O|  |TAMS 0x0000000087f00000, 0x0000000087f00000| Untracked 
|  98|0x0000000088000000, 0x0000000088100000, 0x0000000088100000|100%| O|  |TAMS 0x0000000088000000, 0x0000000088000000| Untracked 
|  99|0x0000000088100000, 0x0000000088200000, 0x0000000088200000|100%| O|  |TAMS 0x0000000088100000, 0x0000000088100000| Untracked 
| 100|0x0000000088200000, 0x0000000088300000, 0x0000000088300000|100%| O|  |TAMS 0x0000000088200000, 0x0000000088200000| Untracked 
| 101|0x0000000088300000, 0x0000000088400000, 0x0000000088400000|100%| O|  |TAMS 0x0000000088300000, 0x0000000088300000| Untracked 
| 102|0x0000000088400000, 0x0000000088500000, 0x0000000088500000|100%| O|  |TAMS 0x0000000088400000, 0x0000000088400000| Untracked 
| 103|0x0000000088500000, 0x0000000088600000, 0x0000000088600000|100%| O|  |TAMS 0x0000000088500000, 0x0000000088500000| Untracked 
| 104|0x0000000088600000, 0x0000000088700000, 0x0000000088700000|100%| O|  |TAMS 0x0000000088600000, 0x0000000088600000| Untracked 
| 105|0x0000000088700000, 0x0000000088800000, 0x0000000088800000|100%| O|  |TAMS 0x0000000088700000, 0x0000000088700000| Untracked 
| 106|0x0000000088800000, 0x0000000088900000, 0x0000000088900000|100%| O|  |TAMS 0x0000000088800000, 0x0000000088800000| Untracked 
| 107|0x0000000088900000, 0x0000000088a00000, 0x0000000088a00000|100%| O|  |TAMS 0x0000000088900000, 0x0000000088900000| Untracked 
| 108|0x0000000088a00000, 0x0000000088b00000, 0x0000000088b00000|100%| O|  |TAMS 0x0000000088a00000, 0x0000000088a00000| Untracked 
| 109|0x0000000088b00000, 0x0000000088c00000, 0x0000000088c00000|100%| O|  |TAMS 0x0000000088b00000, 0x0000000088b00000| Untracked 
| 110|0x0000000088c00000, 0x0000000088d00000, 0x0000000088d00000|100%| O|  |TAMS 0x0000000088c00000, 0x0000000088c00000| Untracked 
| 111|0x0000000088d00000, 0x0000000088e00000, 0x0000000088e00000|100%| O|  |TAMS 0x0000000088d00000, 0x0000000088d00000| Untracked 
| 112|0x0000000088e00000, 0x0000000088f00000, 0x0000000088f00000|100%| O|  |TAMS 0x0000000088e00000, 0x0000000088e00000| Untracked 
| 113|0x0000000088f00000, 0x0000000089000000, 0x0000000089000000|100%| O|  |TAMS 0x0000000088f00000, 0x0000000088f00000| Untracked 
| 114|0x0000000089000000, 0x0000000089100000, 0x0000000089100000|100%| O|  |TAMS 0x0000000089000000, 0x0000000089000000| Untracked 
| 115|0x0000000089100000, 0x0000000089200000, 0x0000000089200000|100%| O|  |TAMS 0x0000000089100000, 0x0000000089100000| Untracked 
| 116|0x0000000089200000, 0x0000000089300000, 0x0000000089300000|100%| O|  |TAMS 0x0000000089200000, 0x0000000089200000| Untracked 
| 117|0x0000000089300000, 0x0000000089400000, 0x0000000089400000|100%| O|  |TAMS 0x0000000089300000, 0x0000000089300000| Untracked 
| 118|0x0000000089400000, 0x0000000089500000, 0x0000000089500000|100%| O|  |TAMS 0x0000000089400000, 0x0000000089400000| Untracked 
| 119|0x0000000089500000, 0x0000000089600000, 0x0000000089600000|100%| O|  |TAMS 0x0000000089500000, 0x0000000089500000| Untracked 
| 120|0x0000000089600000, 0x0000000089700000, 0x0000000089700000|100%| O|  |TAMS 0x0000000089600000, 0x0000000089600000| Untracked 
| 121|0x0000000089700000, 0x0000000089800000, 0x0000000089800000|100%| O|  |TAMS 0x0000000089700000, 0x0000000089700000| Untracked 
| 122|0x0000000089800000, 0x0000000089900000, 0x0000000089900000|100%| O|  |TAMS 0x0000000089800000, 0x0000000089800000| Untracked 
| 123|0x0000000089900000, 0x0000000089a00000, 0x0000000089a00000|100%| O|  |TAMS 0x0000000089900000, 0x0000000089900000| Untracked 
| 124|0x0000000089a00000, 0x0000000089b00000, 0x0000000089b00000|100%| O|  |TAMS 0x0000000089a00000, 0x0000000089a00000| Untracked 
| 125|0x0000000089b00000, 0x0000000089c00000, 0x0000000089c00000|100%| O|  |TAMS 0x0000000089b00000, 0x0000000089b00000| Untracked 
| 126|0x0000000089c00000, 0x0000000089c6b600, 0x0000000089d00000| 41%| O|  |TAMS 0x0000000089c00000, 0x0000000089c00000| Untracked 
| 127|0x0000000089d00000, 0x0000000089d00000, 0x0000000089e00000|  0%| F|  |TAMS 0x0000000089d00000, 0x0000000089d00000| Untracked 
| 128|0x0000000089e00000, 0x0000000089e00000, 0x0000000089f00000|  0%| F|  |TAMS 0x0000000089e00000, 0x0000000089e00000| Untracked 
| 129|0x0000000089f00000, 0x0000000089f00000, 0x000000008a000000|  0%| F|  |TAMS 0x0000000089f00000, 0x0000000089f00000| Untracked 
| 130|0x000000008a000000, 0x000000008a000000, 0x000000008a100000|  0%| F|  |TAMS 0x000000008a000000, 0x000000008a000000| Untracked 
| 131|0x000000008a100000, 0x000000008a100000, 0x000000008a200000|  0%| F|  |TAMS 0x000000008a100000, 0x000000008a100000| Untracked 
| 132|0x000000008a200000, 0x000000008a200000, 0x000000008a300000|  0%| F|  |TAMS 0x000000008a200000, 0x000000008a200000| Untracked 
| 133|0x000000008a300000, 0x000000008a300000, 0x000000008a400000|  0%| F|  |TAMS 0x000000008a300000, 0x000000008a300000| Untracked 
| 134|0x000000008a400000, 0x000000008a400000, 0x000000008a500000|  0%| F|  |TAMS 0x000000008a400000, 0x000000008a400000| Untracked 
| 135|0x000000008a500000, 0x000000008a500000, 0x000000008a600000|  0%| F|  |TAMS 0x000000008a500000, 0x000000008a500000| Untracked 
| 136|0x000000008a600000, 0x000000008a600000, 0x000000008a700000|  0%| F|  |TAMS 0x000000008a600000, 0x000000008a600000| Untracked 
| 137|0x000000008a700000, 0x000000008a700000, 0x000000008a800000|  0%| F|  |TAMS 0x000000008a700000, 0x000000008a700000| Untracked 
| 138|0x000000008a800000, 0x000000008a800000, 0x000000008a900000|  0%| F|  |TAMS 0x000000008a800000, 0x000000008a800000| Untracked 
| 139|0x000000008a900000, 0x000000008a900000, 0x000000008aa00000|  0%| F|  |TAMS 0x000000008a900000, 0x000000008a900000| Untracked 
| 140|0x000000008aa00000, 0x000000008aa00000, 0x000000008ab00000|  0%| F|  |TAMS 0x000000008aa00000, 0x000000008aa00000| Untracked 
| 141|0x000000008ab00000, 0x000000008ab00000, 0x000000008ac00000|  0%| F|  |TAMS 0x000000008ab00000, 0x000000008ab00000| Untracked 
| 142|0x000000008ac00000, 0x000000008ac00000, 0x000000008ad00000|  0%| F|  |TAMS 0x000000008ac00000, 0x000000008ac00000| Untracked 
| 143|0x000000008ad00000, 0x000000008ad00000, 0x000000008ae00000|  0%| F|  |TAMS 0x000000008ad00000, 0x000000008ad00000| Untracked 
| 144|0x000000008ae00000, 0x000000008ae00000, 0x000000008af00000|  0%| F|  |TAMS 0x000000008ae00000, 0x000000008ae00000| Untracked 
| 145|0x000000008af00000, 0x000000008af00000, 0x000000008b000000|  0%| F|  |TAMS 0x000000008af00000, 0x000000008af00000| Untracked 
| 146|0x000000008b000000, 0x000000008b000000, 0x000000008b100000|  0%| F|  |TAMS 0x000000008b000000, 0x000000008b000000| Untracked 
| 147|0x000000008b100000, 0x000000008b100000, 0x000000008b200000|  0%| F|  |TAMS 0x000000008b100000, 0x000000008b100000| Untracked 
| 148|0x000000008b200000, 0x000000008b200000, 0x000000008b300000|  0%| F|  |TAMS 0x000000008b200000, 0x000000008b200000| Untracked 
| 149|0x000000008b300000, 0x000000008b300000, 0x000000008b400000|  0%| F|  |TAMS 0x000000008b300000, 0x000000008b300000| Untracked 
| 150|0x000000008b400000, 0x000000008b400000, 0x000000008b500000|  0%| F|  |TAMS 0x000000008b400000, 0x000000008b400000| Untracked 
| 151|0x000000008b500000, 0x000000008b500000, 0x000000008b600000|  0%| F|  |TAMS 0x000000008b500000, 0x000000008b500000| Untracked 
| 152|0x000000008b600000, 0x000000008b600000, 0x000000008b700000|  0%| F|  |TAMS 0x000000008b600000, 0x000000008b600000| Untracked 
| 153|0x000000008b700000, 0x000000008b7fb790, 0x000000008b800000| 98%| S|CS|TAMS 0x000000008b700000, 0x000000008b700000| Complete 
| 154|0x000000008b800000, 0x000000008b900000, 0x000000008b900000|100%| S|CS|TAMS 0x000000008b800000, 0x000000008b800000| Complete 
| 155|0x000000008b900000, 0x000000008b900000, 0x000000008ba00000|  0%| F|  |TAMS 0x000000008b900000, 0x000000008b900000| Untracked 
| 156|0x000000008ba00000, 0x000000008ba00000, 0x000000008bb00000|  0%| F|  |TAMS 0x000000008ba00000, 0x000000008ba00000| Untracked 
| 157|0x000000008bb00000, 0x000000008bb00000, 0x000000008bc00000|  0%| F|  |TAMS 0x000000008bb00000, 0x000000008bb00000| Untracked 
| 158|0x000000008bc00000, 0x000000008bc00000, 0x000000008bd00000|  0%| F|  |TAMS 0x000000008bc00000, 0x000000008bc00000| Untracked 
| 159|0x000000008bd00000, 0x000000008bd00000, 0x000000008be00000|  0%| F|  |TAMS 0x000000008bd00000, 0x000000008bd00000| Untracked 
| 160|0x000000008be00000, 0x000000008be00000, 0x000000008bf00000|  0%| F|  |TAMS 0x000000008be00000, 0x000000008be00000| Untracked 
| 161|0x000000008bf00000, 0x000000008bf00000, 0x000000008c000000|  0%| F|  |TAMS 0x000000008bf00000, 0x000000008bf00000| Untracked 
| 162|0x000000008c000000, 0x000000008c000000, 0x000000008c100000|  0%| F|  |TAMS 0x000000008c000000, 0x000000008c000000| Untracked 
| 163|0x000000008c100000, 0x000000008c100000, 0x000000008c200000|  0%| F|  |TAMS 0x000000008c100000, 0x000000008c100000| Untracked 
| 164|0x000000008c200000, 0x000000008c200000, 0x000000008c300000|  0%| F|  |TAMS 0x000000008c200000, 0x000000008c200000| Untracked 
| 165|0x000000008c300000, 0x000000008c300000, 0x000000008c400000|  0%| F|  |TAMS 0x000000008c300000, 0x000000008c300000| Untracked 
| 166|0x000000008c400000, 0x000000008c400000, 0x000000008c500000|  0%| F|  |TAMS 0x000000008c400000, 0x000000008c400000| Untracked 
| 167|0x000000008c500000, 0x000000008c500000, 0x000000008c600000|  0%| F|  |TAMS 0x000000008c500000, 0x000000008c500000| Untracked 
| 168|0x000000008c600000, 0x000000008c600000, 0x000000008c700000|  0%| F|  |TAMS 0x000000008c600000, 0x000000008c600000| Untracked 
| 169|0x000000008c700000, 0x000000008c700000, 0x000000008c800000|  0%| F|  |TAMS 0x000000008c700000, 0x000000008c700000| Untracked 
| 170|0x000000008c800000, 0x000000008c800000, 0x000000008c900000|  0%| F|  |TAMS 0x000000008c800000, 0x000000008c800000| Untracked 
| 171|0x000000008c900000, 0x000000008c900000, 0x000000008ca00000|  0%| F|  |TAMS 0x000000008c900000, 0x000000008c900000| Untracked 
| 172|0x000000008ca00000, 0x000000008ca00000, 0x000000008cb00000|  0%| F|  |TAMS 0x000000008ca00000, 0x000000008ca00000| Untracked 
| 173|0x000000008cb00000, 0x000000008cb00000, 0x000000008cc00000|  0%| F|  |TAMS 0x000000008cb00000, 0x000000008cb00000| Untracked 
| 174|0x000000008cc00000, 0x000000008cd00000, 0x000000008cd00000|100%| E|  |TAMS 0x000000008cc00000, 0x000000008cc00000| Complete 
| 175|0x000000008cd00000, 0x000000008ce00000, 0x000000008ce00000|100%| E|CS|TAMS 0x000000008cd00000, 0x000000008cd00000| Complete 
| 176|0x000000008ce00000, 0x000000008cf00000, 0x000000008cf00000|100%| E|CS|TAMS 0x000000008ce00000, 0x000000008ce00000| Complete 
| 177|0x000000008cf00000, 0x000000008d000000, 0x000000008d000000|100%| E|CS|TAMS 0x000000008cf00000, 0x000000008cf00000| Complete 
| 178|0x000000008d000000, 0x000000008d100000, 0x000000008d100000|100%| E|CS|TAMS 0x000000008d000000, 0x000000008d000000| Complete 
| 179|0x000000008d100000, 0x000000008d200000, 0x000000008d200000|100%| E|CS|TAMS 0x000000008d100000, 0x000000008d100000| Complete 
| 180|0x000000008d200000, 0x000000008d300000, 0x000000008d300000|100%| E|CS|TAMS 0x000000008d200000, 0x000000008d200000| Complete 
| 181|0x000000008d300000, 0x000000008d400000, 0x000000008d400000|100%| E|CS|TAMS 0x000000008d300000, 0x000000008d300000| Complete 
| 182|0x000000008d400000, 0x000000008d500000, 0x000000008d500000|100%| E|CS|TAMS 0x000000008d400000, 0x000000008d400000| Complete 
| 183|0x000000008d500000, 0x000000008d600000, 0x000000008d600000|100%| E|CS|TAMS 0x000000008d500000, 0x000000008d500000| Complete 
| 184|0x000000008d600000, 0x000000008d700000, 0x000000008d700000|100%| E|CS|TAMS 0x000000008d600000, 0x000000008d600000| Complete 
| 185|0x000000008d700000, 0x000000008d800000, 0x000000008d800000|100%| E|CS|TAMS 0x000000008d700000, 0x000000008d700000| Complete 
| 186|0x000000008d800000, 0x000000008d900000, 0x000000008d900000|100%| E|CS|TAMS 0x000000008d800000, 0x000000008d800000| Complete 
| 187|0x000000008d900000, 0x000000008da00000, 0x000000008da00000|100%| E|CS|TAMS 0x000000008d900000, 0x000000008d900000| Complete 
| 188|0x000000008da00000, 0x000000008db00000, 0x000000008db00000|100%| E|CS|TAMS 0x000000008da00000, 0x000000008da00000| Complete 

Card table byte_map: [0x0000023e79a90000,0x0000023e79e90000] _byte_map_base: 0x0000023e79681000

Marking Bits (Prev, Next): (CMBitMap*) 0x0000023e653bc950, (CMBitMap*) 0x0000023e653bc910
 Prev Bits: [0x0000023e7c220000, 0x0000023e7e1a8000)
 Next Bits: [0x0000023e7a290000, 0x0000023e7c218000)

Polling page: 0x0000023e651e0000

Metaspace:

Usage:
  Non-class:     63.38 MB used.
      Class:      7.96 MB used.
       Both:     71.34 MB used.

Virtual space:
  Non-class space:       64.00 MB reserved,      63.62 MB (>99%) committed,  1 nodes.
      Class space:        1.00 GB reserved,       8.19 MB ( <1%) committed,  1 nodes.
             Both:        1.06 GB reserved,      71.81 MB (  7%) committed. 

Chunk freelists:
   Non-Class:  240.00 KB
       Class:  7.84 MB
        Both:  8.08 MB

MaxMetaspaceSize: unlimited
CompressedClassSpaceSize: 1.00 GB
Initial GC threshold: 21.00 MB
Current GC threshold: 97.31 MB
CDS: off
MetaspaceReclaimPolicy: balanced
 - commit_granule_bytes: 65536.
 - commit_granule_words: 8192.
 - virtual_space_node_default_size: 8388608.
 - enlarge_chunks_in_place: 1.
 - new_chunks_are_fully_committed: 0.
 - uncommit_free_chunks: 1.
 - use_allocation_guard: 0.
 - handle_deallocations: 1.


Internal statistics:

num_allocs_failed_limit: 9.
num_arena_births: 700.
num_arena_deaths: 0.
num_vsnodes_births: 2.
num_vsnodes_deaths: 0.
num_space_committed: 1147.
num_space_uncommitted: 0.
num_chunks_returned_to_freelist: 9.
num_chunks_taken_from_freelist: 3329.
num_chunk_merges: 9.
num_chunk_splits: 2439.
num_chunks_enlarged: 1879.
num_inconsistent_stats: 0.

CodeHeap 'non-profiled nmethods': size=120000Kb used=10908Kb max_used=10908Kb free=109091Kb
 bounds [0x0000023e71b30000, 0x0000023e725e0000, 0x0000023e79060000]
CodeHeap 'profiled nmethods': size=120000Kb used=35172Kb max_used=35172Kb free=84828Kb
 bounds [0x0000023e6a060000, 0x0000023e6c2c0000, 0x0000023e71590000]
CodeHeap 'non-nmethods': size=5760Kb used=1304Kb max_used=1411Kb free=4455Kb
 bounds [0x0000023e71590000, 0x0000023e71800000, 0x0000023e71b30000]
 total_blobs=13851 nmethods=13241 adapters=519
 compilation: enabled
              stopped_count=0, restarted_count=0
 full_count=0

Compilation events (20 events):
Event: 51.592 Thread 0x0000023e7ea45f10 16922       3       org.jetbrains.kotlin.cfg.ControlFlowInformationProviderImpl::markUnusedVariables (325 bytes)
Event: 51.596 Thread 0x0000023e7ea45f10 nmethod 16922 0x0000023e6c29dc90 code [0x0000023e6c29e200, 0x0000023e6c2a1a08]
Event: 51.597 Thread 0x0000023e7ea45f10 16923       3       org.jetbrains.kotlin.cfg.ControlFlowInformationProviderImpl::markUnusedExpressions (31 bytes)
Event: 51.598 Thread 0x0000023e7ea45f10 nmethod 16923 0x0000023e6c2a2990 code [0x0000023e6c2a2b80, 0x0000023e6c2a3088]
Event: 51.598 Thread 0x0000023e7ea45f10 16924       3       org.jetbrains.kotlin.cfg.ControlFlowInformationProviderImpl::checkIfExpressions (22 bytes)
Event: 51.598 Thread 0x0000023e7ea45f10 nmethod 16924 0x0000023e6c2a3290 code [0x0000023e6c2a3460, 0x0000023e6c2a3788]
Event: 51.598 Thread 0x0000023e7ea45f10 16925       3       org.jetbrains.kotlin.cfg.ControlFlowInformationProviderImpl::checkWhenExpressions (31 bytes)
Event: 51.599 Thread 0x0000023e7ea45f10 nmethod 16925 0x0000023e6c2a3910 code [0x0000023e6c2a3b20, 0x0000023e6c2a42e8]
Event: 51.599 Thread 0x0000023e7ea45f10 16926       3       org.jetbrains.kotlin.cfg.ControlFlowInformationProviderImpl::checkConstructorConsistency (73 bytes)
Event: 51.600 Thread 0x0000023e7ea45f10 nmethod 16926 0x0000023e6c2a4590 code [0x0000023e6c2a47c0, 0x0000023e6c2a5218]
Event: 51.609 Thread 0x0000023e7ea45f10 16927       3       org.jetbrains.kotlin.resolve.descriptorUtil.DescriptorUtilsKt::getOwnerForEffectiveDispatchReceiverParameter (56 bytes)
Event: 51.610 Thread 0x0000023e7ea45f10 nmethod 16927 0x0000023e6c2a5410 code [0x0000023e6c2a56a0, 0x0000023e6c2a6238]
Event: 51.611 Thread 0x0000023e7ea45f10 16928       3       org.jetbrains.kotlin.cfg.CfgContainingDeclarationUtilsKt::getElementParentDeclaration (43 bytes)
Event: 51.611 Thread 0x0000023e7ea45f10 nmethod 16928 0x0000023e6c2a6590 code [0x0000023e6c2a6800, 0x0000023e6c2a7628]
Event: 51.613 Thread 0x0000023e7ea45f10 16929       3       org.jetbrains.kotlin.cfg.pseudocode.instructions.special.SubroutineEnterInstruction::accept (12 bytes)
Event: 51.614 Thread 0x0000023e7ea45f10 nmethod 16929 0x0000023e6c2a7990 code [0x0000023e6c2a7bc0, 0x0000023e6c2a8368]
Event: 51.614 Thread 0x0000023e7ea45f10 16930       3       org.jetbrains.kotlin.cfg.pseudocode.instructions.special.SubroutineSinkInstruction::accept (12 bytes)
Event: 51.614 Thread 0x0000023e7ea45f10 nmethod 16930 0x0000023e6c2a8610 code [0x0000023e6c2a8820, 0x0000023e6c2a8e88]
Event: 51.615 Thread 0x0000023e7ea45f10 16931       3       org.jetbrains.kotlin.cfg.pseudocode.PseudocodeImpl$processInstruction$1::visitSubroutineSink (7 bytes)
Event: 51.615 Thread 0x0000023e7ea45f10 nmethod 16931 0x0000023e6c2a9110 code [0x0000023e6c2a9320, 0x0000023e6c2a9898]

GC Heap History (20 events):
Event: 36.164 GC heap before
{Heap before GC invocations=40 (full 0):
 garbage-first heap   total 160768K, used 137042K [0x0000000081e00000, 0x0000000100000000)
  region size 1024K, 28 young (28672K), 3 survivors (3072K)
 Metaspace       used 71271K, committed 71744K, reserved 1114112K
  class space    used 7952K, committed 8192K, reserved 1048576K
}
Event: 36.179 GC heap after
{Heap after GC invocations=41 (full 0):
 garbage-first heap   total 160768K, used 114191K [0x0000000081e00000, 0x0000000100000000)
  region size 1024K, 3 young (3072K), 3 survivors (3072K)
 Metaspace       used 71271K, committed 71744K, reserved 1114112K
  class space    used 7952K, committed 8192K, reserved 1048576K
}
Event: 37.062 GC heap before
{Heap before GC invocations=41 (full 0):
 garbage-first heap   total 160768K, used 136719K [0x0000000081e00000, 0x0000000100000000)
  region size 1024K, 25 young (25600K), 3 survivors (3072K)
 Metaspace       used 71865K, committed 72320K, reserved 1114112K
  class space    used 8080K, committed 8320K, reserved 1048576K
}
Event: 37.071 GC heap after
{Heap after GC invocations=42 (full 0):
 garbage-first heap   total 160768K, used 115748K [0x0000000081e00000, 0x0000000100000000)
  region size 1024K, 2 young (2048K), 2 survivors (2048K)
 Metaspace       used 71865K, committed 72320K, reserved 1114112K
  class space    used 8080K, committed 8320K, reserved 1048576K
}
Event: 38.032 GC heap before
{Heap before GC invocations=42 (full 0):
 garbage-first heap   total 160768K, used 137252K [0x0000000081e00000, 0x0000000100000000)
  region size 1024K, 23 young (23552K), 2 survivors (2048K)
 Metaspace       used 71931K, committed 72384K, reserved 1114112K
  class space    used 8082K, committed 8320K, reserved 1048576K
}
Event: 38.042 GC heap after
{Heap after GC invocations=43 (full 0):
 garbage-first heap   total 160768K, used 117619K [0x0000000081e00000, 0x0000000100000000)
  region size 1024K, 3 young (3072K), 3 survivors (3072K)
 Metaspace       used 71931K, committed 72384K, reserved 1114112K
  class space    used 8082K, committed 8320K, reserved 1048576K
}
Event: 38.788 GC heap before
{Heap before GC invocations=43 (full 0):
 garbage-first heap   total 160768K, used 138099K [0x0000000081e00000, 0x0000000100000000)
  region size 1024K, 23 young (23552K), 3 survivors (3072K)
 Metaspace       used 71978K, committed 72448K, reserved 1114112K
  class space    used 8083K, committed 8320K, reserved 1048576K
}
Event: 38.800 GC heap after
{Heap after GC invocations=44 (full 0):
 garbage-first heap   total 160768K, used 119198K [0x0000000081e00000, 0x0000000100000000)
  region size 1024K, 2 young (2048K), 2 survivors (2048K)
 Metaspace       used 71978K, committed 72448K, reserved 1114112K
  class space    used 8083K, committed 8320K, reserved 1048576K
}
Event: 39.680 GC heap before
{Heap before GC invocations=44 (full 0):
 garbage-first heap   total 160768K, used 138654K [0x0000000081e00000, 0x0000000100000000)
  region size 1024K, 21 young (21504K), 2 survivors (2048K)
 Metaspace       used 72044K, committed 72512K, reserved 1114112K
  class space    used 8083K, committed 8320K, reserved 1048576K
}
Event: 39.691 GC heap after
{Heap after GC invocations=45 (full 0):
 garbage-first heap   total 160768K, used 120570K [0x0000000081e00000, 0x0000000100000000)
  region size 1024K, 3 young (3072K), 3 survivors (3072K)
 Metaspace       used 72044K, committed 72512K, reserved 1114112K
  class space    used 8083K, committed 8320K, reserved 1048576K
}
Event: 40.362 GC heap before
{Heap before GC invocations=45 (full 0):
 garbage-first heap   total 160768K, used 139002K [0x0000000081e00000, 0x0000000100000000)
  region size 1024K, 21 young (21504K), 3 survivors (3072K)
 Metaspace       used 72086K, committed 72576K, reserved 1114112K
  class space    used 8083K, committed 8320K, reserved 1048576K
}
Event: 40.375 GC heap after
{Heap after GC invocations=46 (full 0):
 garbage-first heap   total 160768K, used 122027K [0x0000000081e00000, 0x0000000100000000)
  region size 1024K, 3 young (3072K), 3 survivors (3072K)
 Metaspace       used 72086K, committed 72576K, reserved 1114112K
  class space    used 8083K, committed 8320K, reserved 1048576K
}
Event: 40.971 GC heap before
{Heap before GC invocations=46 (full 0):
 garbage-first heap   total 160768K, used 139435K [0x0000000081e00000, 0x0000000100000000)
  region size 1024K, 20 young (20480K), 3 survivors (3072K)
 Metaspace       used 72125K, committed 72576K, reserved 1114112K
  class space    used 8083K, committed 8320K, reserved 1048576K
}
Event: 40.984 GC heap after
{Heap after GC invocations=47 (full 0):
 garbage-first heap   total 193536K, used 123236K [0x0000000081e00000, 0x0000000100000000)
  region size 1024K, 3 young (3072K), 3 survivors (3072K)
 Metaspace       used 72125K, committed 72576K, reserved 1114112K
  class space    used 8083K, committed 8320K, reserved 1048576K
}
Event: 43.458 GC heap before
{Heap before GC invocations=47 (full 0):
 garbage-first heap   total 193536K, used 164196K [0x0000000081e00000, 0x0000000100000000)
  region size 1024K, 43 young (44032K), 3 survivors (3072K)
 Metaspace       used 72277K, committed 72704K, reserved 1114112K
  class space    used 8093K, committed 8320K, reserved 1048576K
}
Event: 43.477 GC heap after
{Heap after GC invocations=48 (full 0):
 garbage-first heap   total 193536K, used 126497K [0x0000000081e00000, 0x0000000100000000)
  region size 1024K, 6 young (6144K), 6 survivors (6144K)
 Metaspace       used 72277K, committed 72704K, reserved 1114112K
  class space    used 8093K, committed 8320K, reserved 1048576K
}
Event: 48.998 GC heap before
{Heap before GC invocations=48 (full 0):
 garbage-first heap   total 193536K, used 164385K [0x0000000081e00000, 0x0000000100000000)
  region size 1024K, 43 young (44032K), 6 survivors (6144K)
 Metaspace       used 72477K, committed 72896K, reserved 1114112K
  class space    used 8093K, committed 8320K, reserved 1048576K
}
Event: 49.017 GC heap after
{Heap after GC invocations=49 (full 0):
 garbage-first heap   total 193536K, used 129588K [0x0000000081e00000, 0x0000000100000000)
  region size 1024K, 4 young (4096K), 4 survivors (4096K)
 Metaspace       used 72477K, committed 72896K, reserved 1114112K
  class space    used 8093K, committed 8320K, reserved 1048576K
}
Event: 51.159 GC heap before
{Heap before GC invocations=49 (full 0):
 garbage-first heap   total 193536K, used 164404K [0x0000000081e00000, 0x0000000100000000)
  region size 1024K, 38 young (38912K), 4 survivors (4096K)
 Metaspace       used 72810K, committed 73280K, reserved 1114112K
  class space    used 8119K, committed 8384K, reserved 1048576K
}
Event: 51.170 GC heap after
{Heap after GC invocations=50 (full 0):
 garbage-first heap   total 193536K, used 131483K [0x0000000081e00000, 0x0000000100000000)
  region size 1024K, 2 young (2048K), 2 survivors (2048K)
 Metaspace       used 72810K, committed 73280K, reserved 1114112K
  class space    used 8119K, committed 8384K, reserved 1048576K
}

Dll operation events (2 events):
Event: 0.010 Loaded shared library C:\Program Files\Android\Android Studio\jbr\bin\java.dll
Event: 2.604 Loaded shared library C:\Program Files\Android\Android Studio\jbr\bin\verify.dll

Deoptimization events (20 events):
Event: 51.445 Thread 0x0000023e65329f60 Uncommon trap: trap_request=0xffffffde fr.pc=0x0000023e725d2830 relative=0x00000000000001d0
Event: 51.445 Thread 0x0000023e65329f60 Uncommon trap: reason=class_check action=maybe_recompile pc=0x0000023e725d2830 method=org.jetbrains.kotlin.cfg.pseudocodeTraverser.PseudocodeTraverserKt.traverse(Lorg/jetbrains/kotlin/cfg/pseudocode/Pseudocode;Lorg/jetbrains/kotlin/cfg/pseudocodeTraverser
Event: 51.445 Thread 0x0000023e65329f60 DEOPT PACKING pc=0x0000023e725d2830 sp=0x00000093341fdfa0
Event: 51.445 Thread 0x0000023e65329f60 DEOPT UNPACKING pc=0x0000023e715e69a3 sp=0x00000093341fdf68 mode 2
Event: 51.447 Thread 0x0000023e65329f60 Uncommon trap: trap_request=0xffffffde fr.pc=0x0000023e725d2830 relative=0x00000000000001d0
Event: 51.447 Thread 0x0000023e65329f60 Uncommon trap: reason=class_check action=maybe_recompile pc=0x0000023e725d2830 method=org.jetbrains.kotlin.cfg.pseudocodeTraverser.PseudocodeTraverserKt.traverse(Lorg/jetbrains/kotlin/cfg/pseudocode/Pseudocode;Lorg/jetbrains/kotlin/cfg/pseudocodeTraverser
Event: 51.447 Thread 0x0000023e65329f60 DEOPT PACKING pc=0x0000023e725d2830 sp=0x00000093341fe150
Event: 51.447 Thread 0x0000023e65329f60 DEOPT UNPACKING pc=0x0000023e715e69a3 sp=0x00000093341fe118 mode 2
Event: 51.447 Thread 0x0000023e65329f60 Uncommon trap: trap_request=0xffffffde fr.pc=0x0000023e725d2830 relative=0x00000000000001d0
Event: 51.447 Thread 0x0000023e65329f60 Uncommon trap: reason=class_check action=maybe_recompile pc=0x0000023e725d2830 method=org.jetbrains.kotlin.cfg.pseudocodeTraverser.PseudocodeTraverserKt.traverse(Lorg/jetbrains/kotlin/cfg/pseudocode/Pseudocode;Lorg/jetbrains/kotlin/cfg/pseudocodeTraverser
Event: 51.447 Thread 0x0000023e65329f60 DEOPT PACKING pc=0x0000023e725d2830 sp=0x00000093341fe1c0
Event: 51.447 Thread 0x0000023e65329f60 DEOPT UNPACKING pc=0x0000023e715e69a3 sp=0x00000093341fe188 mode 2
Event: 51.451 Thread 0x0000023e65329f60 Uncommon trap: trap_request=0xffffff45 fr.pc=0x0000023e722db924 relative=0x0000000000000964
Event: 51.451 Thread 0x0000023e65329f60 Uncommon trap: reason=unstable_if action=reinterpret pc=0x0000023e722db924 method=java.util.HashMap.removeNode(ILjava/lang/Object;Ljava/lang/Object;ZZ)Ljava/util/HashMap$Node; @ 89 c2
Event: 51.451 Thread 0x0000023e65329f60 DEOPT PACKING pc=0x0000023e722db924 sp=0x00000093341fe160
Event: 51.451 Thread 0x0000023e65329f60 DEOPT UNPACKING pc=0x0000023e715e69a3 sp=0x00000093341fe120 mode 2
Event: 51.513 Thread 0x0000023e65329f60 Uncommon trap: trap_request=0xffffffde fr.pc=0x0000023e71fdd748 relative=0x0000000000000868
Event: 51.513 Thread 0x0000023e65329f60 Uncommon trap: reason=class_check action=maybe_recompile pc=0x0000023e71fdd748 method=org.jetbrains.kotlin.psi.psiUtil.KtPsiUtilKt.getQualifiedElementSelector(Lorg/jetbrains/kotlin/psi/KtElement;)Lorg/jetbrains/kotlin/psi/KtElement; @ 40 c2
Event: 51.513 Thread 0x0000023e65329f60 DEOPT PACKING pc=0x0000023e71fdd748 sp=0x00000093341fdc10
Event: 51.513 Thread 0x0000023e65329f60 DEOPT UNPACKING pc=0x0000023e715e69a3 sp=0x00000093341fdbc0 mode 2

Classes unloaded (0 events):
No events

Classes redefined (0 events):
No events

Internal exceptions (20 events):
Event: 14.190 Thread 0x0000023e65329f60 Exception <a 'java/lang/NoSuchMethodError'{0x000000008941c0a0}: 'int java.lang.invoke.DirectMethodHandle$Holder.invokeInterface(java.lang.Object, java.lang.Object)'> (0x000000008941c0a0) 
thrown [s\src\hotspot\share\interpreter\linkResolver.cpp, line 771]
Event: 15.739 Thread 0x0000023e65329f60 Exception <a 'java/lang/NoSuchMethodError'{0x0000000088e54810}: 'java.lang.Object java.lang.invoke.DirectMethodHandle$Holder.invokeStatic(java.lang.Object, int, java.lang.Object)'> (0x0000000088e54810) 
thrown [s\src\hotspot\share\interpreter\linkResolver.cpp, line 771]
Event: 15.754 Thread 0x0000023e65329f60 Exception <a 'java/lang/NoSuchMethodError'{0x0000000088e8daa8}: 'java.lang.Object java.lang.invoke.DirectMethodHandle$Holder.newInvokeSpecial(java.lang.Object, int, java.lang.Object, java.lang.Object)'> (0x0000000088e8daa8) 
thrown [s\src\hotspot\share\interpreter\linkResolver.cpp, line 771]
Event: 16.715 Thread 0x0000023e65329f60 Exception <a 'java/lang/NoSuchMethodError'{0x000000008b0984c0}: 'void java.lang.invoke.DirectMethodHandle$Holder.invokeInterface(java.lang.Object, java.lang.Object)'> (0x000000008b0984c0) 
thrown [s\src\hotspot\share\interpreter\linkResolver.cpp, line 771]
Event: 16.961 Thread 0x0000023e65329f60 Exception <a 'java/lang/IncompatibleClassChangeError'{0x000000008aff4cd0}: Found class java.lang.Object, but interface was expected> (0x000000008aff4cd0) 
thrown [s\src\hotspot\share\interpreter\linkResolver.cpp, line 838]
Event: 16.972 Thread 0x0000023e65329f60 Implicit null exception at 0x0000023e71c71acc to 0x0000023e71c71bc0
Event: 17.924 Thread 0x0000023e65329f60 Implicit null exception at 0x0000023e71d15ac7 to 0x0000023e71d172fc
Event: 17.924 Thread 0x0000023e65329f60 Implicit null exception at 0x0000023e71c4a614 to 0x0000023e71c4a70c
Event: 17.967 Thread 0x0000023e65329f60 Implicit null exception at 0x0000023e71b93560 to 0x0000023e71b935fa
Event: 18.034 Thread 0x0000023e65329f60 Exception <a 'java/lang/NoSuchMethodError'{0x000000008a7eddd8}: 'int java.lang.invoke.DirectMethodHandle$Holder.invokeStaticInit(java.lang.Object, int)'> (0x000000008a7eddd8) 
thrown [s\src\hotspot\share\interpreter\linkResolver.cpp, line 771]
Event: 18.236 Thread 0x0000023e65329f60 Exception <a 'java/lang/NoSuchMethodError'{0x000000008a3087f0}: 'java.lang.Object java.lang.invoke.DirectMethodHandle$Holder.invokeInterface(java.lang.Object, java.lang.Object, java.lang.Object)'> (0x000000008a3087f0) 
thrown [s\src\hotspot\share\interpreter\linkResolver.cpp, line 771]
Event: 18.237 Thread 0x0000023e65329f60 Exception <a 'java/lang/IncompatibleClassChangeError'{0x000000008a30c160}: Found class java.lang.Object, but interface was expected> (0x000000008a30c160) 
thrown [s\src\hotspot\share\interpreter\linkResolver.cpp, line 838]
Event: 20.065 Thread 0x0000023e65329f60 Implicit null exception at 0x0000023e71e89544 to 0x0000023e71e89b0c
Event: 20.232 Thread 0x0000023e65329f60 Exception <a 'java/lang/NoSuchMethodError'{0x000000008b2eac18}: 'java.lang.Object java.lang.invoke.DirectMethodHandle$Holder.newInvokeSpecial(java.lang.Object, java.lang.Object, java.lang.Object, java.lang.Object, java.lang.Object, java.lang.Object, java.lang.Object)'> (0x000000008b2eac18) 
thrown [s\src\hotspot\share\interpreter\linkResolver.cpp, line 771]
Event: 20.232 Thread 0x0000023e65329f60 Exception <a 'java/lang/NoSuchMethodError'{0x000000008b2effc8}: 'java.lang.Object java.lang.invoke.Invokers$Holder.linkToTargetMethod(java.lang.Object, java.lang.Object, java.lang.Object, java.lang.Object, java.lang.Object, java.lang.Object, java.lang.Object)'> (0x000000008b2effc8) 
thrown [s\src\hotspot\share\interpreter\linkResolver.cpp, line 771]
Event: 25.615 Thread 0x0000023e65329f60 Implicit null exception at 0x0000023e71e6bbc0 to 0x0000023e71e6bea4
Event: 31.997 Thread 0x0000023e65329f60 Implicit null exception at 0x0000023e71cd0eac to 0x0000023e71cd0f74
Event: 35.904 Thread 0x0000023e65329f60 Implicit null exception at 0x0000023e720b0954 to 0x0000023e720b0ad4
Event: 51.074 Thread 0x0000023e65329f60 Implicit null exception at 0x0000023e72559250 to 0x0000023e7255b054
Event: 51.095 Thread 0x0000023e65329f60 Implicit null exception at 0x0000023e7255cf0c to 0x0000023e7255eb90

VM Operations (20 events):
Event: 47.993 Executing VM operation: Cleanup
Event: 47.996 Executing VM operation: Cleanup done
Event: 48.998 Executing VM operation: G1CollectForAllocation
Event: 49.017 Executing VM operation: G1CollectForAllocation done
Event: 49.969 Executing VM operation: HandshakeAllThreads
Event: 49.969 Executing VM operation: HandshakeAllThreads done
Event: 50.596 Executing VM operation: ICBufferFull
Event: 50.597 Executing VM operation: ICBufferFull done
Event: 50.974 Executing VM operation: HandshakeAllThreads
Event: 50.974 Executing VM operation: HandshakeAllThreads done
Event: 51.101 Executing VM operation: ICBufferFull
Event: 51.101 Executing VM operation: ICBufferFull done
Event: 51.159 Executing VM operation: G1CollectForAllocation
Event: 51.170 Executing VM operation: G1CollectForAllocation done
Event: 51.346 Executing VM operation: HandshakeAllThreads
Event: 51.346 Executing VM operation: HandshakeAllThreads done
Event: 51.406 Executing VM operation: HandshakeAllThreads
Event: 51.407 Executing VM operation: HandshakeAllThreads done
Event: 51.529 Executing VM operation: ICBufferFull
Event: 51.530 Executing VM operation: ICBufferFull done

Events (20 events):
Event: 49.976 Thread 0x0000023e7ea46810 flushing nmethod 0x0000023e72492f10
Event: 49.981 Thread 0x0000023e7ea46810 flushing nmethod 0x0000023e6a389590
Event: 49.983 Thread 0x0000023e7ea46810 flushing nmethod 0x0000023e6a549a10
Event: 49.983 Thread 0x0000023e7ea46810 flushing nmethod 0x0000023e6a5cd510
Event: 49.985 Thread 0x0000023e7ea46810 flushing nmethod 0x0000023e6a6ed110
Event: 49.985 Thread 0x0000023e7ea46810 flushing nmethod 0x0000023e6a6fb510
Event: 49.990 Thread 0x0000023e7ea46810 flushing nmethod 0x0000023e6aaad310
Event: 49.993 Thread 0x0000023e7ea46810 flushing nmethod 0x0000023e6ad36610
Event: 49.993 Thread 0x0000023e7ea46810 flushing nmethod 0x0000023e6add6d90
Event: 49.995 Thread 0x0000023e7ea46810 flushing nmethod 0x0000023e6af72010
Event: 49.997 Thread 0x0000023e7ea46810 flushing nmethod 0x0000023e6b0d1210
Event: 49.997 Thread 0x0000023e7ea46810 flushing nmethod 0x0000023e6b11ed10
Event: 49.999 Thread 0x0000023e7ea46810 flushing nmethod 0x0000023e6b2a5b10
Event: 49.999 Thread 0x0000023e7ea46810 flushing nmethod 0x0000023e6b2e8c10
Event: 49.999 Thread 0x0000023e7ea46810 flushing nmethod 0x0000023e6b356b90
Event: 50.001 Thread 0x0000023e7ea46810 flushing nmethod 0x0000023e6b48d190
Event: 50.003 Thread 0x0000023e7ea46810 flushing nmethod 0x0000023e6b72cc90
Event: 50.003 Thread 0x0000023e7ea46810 flushing nmethod 0x0000023e6b7a3c90
Event: 50.005 Thread 0x0000023e7ea46810 flushing nmethod 0x0000023e6b8cfd10
Event: 50.005 Thread 0x0000023e7ea46810 flushing nmethod 0x0000023e6b911190


Dynamic libraries:
0x00007ff6716f0000 - 0x00007ff6716fa000 	C:\Program Files\Android\Android Studio\jbr\bin\java.exe
0x00007ffe63a50000 - 0x00007ffe63c48000 	C:\Windows\SYSTEM32\ntdll.dll
0x00007ffe61a90000 - 0x00007ffe61b4d000 	C:\Windows\System32\KERNEL32.DLL
0x00007ffe61450000 - 0x00007ffe61746000 	C:\Windows\System32\KERNELBASE.dll
0x00007ffe61870000 - 0x00007ffe61970000 	C:\Windows\System32\ucrtbase.dll
0x00007ffe55b30000 - 0x00007ffe55b47000 	C:\Program Files\Android\Android Studio\jbr\bin\jli.dll
0x00007ffe553b0000 - 0x00007ffe553cb000 	C:\Program Files\Android\Android Studio\jbr\bin\VCRUNTIME140.dll
0x00007ffe61c90000 - 0x00007ffe61e2f000 	C:\Windows\System32\USER32.dll
0x00007ffe617a0000 - 0x00007ffe617c2000 	C:\Windows\System32\win32u.dll
0x00007ffe49150000 - 0x00007ffe493ea000 	C:\Windows\WinSxS\amd64_microsoft.windows.common-controls_6595b64144ccf1df_6.0.19041.4355_none_60b8b9eb71f62e16\COMCTL32.dll
0x00007ffe62950000 - 0x00007ffe6297b000 	C:\Windows\System32\GDI32.dll
0x00007ffe62750000 - 0x00007ffe627ee000 	C:\Windows\System32\msvcrt.dll
0x00007ffe61970000 - 0x00007ffe61a87000 	C:\Windows\System32\gdi32full.dll
0x00007ffe617d0000 - 0x00007ffe6186d000 	C:\Windows\System32\msvcp_win.dll
0x00007ffe62810000 - 0x00007ffe6283f000 	C:\Windows\System32\IMM32.DLL
0x00007ffe55d60000 - 0x00007ffe55d6c000 	C:\Program Files\Android\Android Studio\jbr\bin\vcruntime140_1.dll
0x00007ffe21510000 - 0x00007ffe2159d000 	C:\Program Files\Android\Android Studio\jbr\bin\msvcp140.dll
0x00007ffe15fb0000 - 0x00007ffe16c30000 	C:\Program Files\Android\Android Studio\jbr\bin\server\jvm.dll
0x00007ffe630f0000 - 0x00007ffe631a0000 	C:\Windows\System32\ADVAPI32.dll
0x00007ffe63910000 - 0x00007ffe639b0000 	C:\Windows\System32\sechost.dll
0x00007ffe632d0000 - 0x00007ffe633f3000 	C:\Windows\System32\RPCRT4.dll
0x00007ffe61420000 - 0x00007ffe61447000 	C:\Windows\System32\bcrypt.dll
0x00007ffe42230000 - 0x00007ffe42239000 	C:\Windows\SYSTEM32\WSOCK32.dll
0x00007ffe41890000 - 0x00007ffe418b7000 	C:\Windows\SYSTEM32\WINMM.dll
0x00007ffe55150000 - 0x00007ffe5515a000 	C:\Windows\SYSTEM32\VERSION.dll
0x00007ffe626e0000 - 0x00007ffe6274b000 	C:\Windows\System32\WS2_32.dll
0x00007ffe5f920000 - 0x00007ffe5f932000 	C:\Windows\SYSTEM32\kernel.appcore.dll
0x00007ffe59ed0000 - 0x00007ffe59eda000 	C:\Program Files\Android\Android Studio\jbr\bin\jimage.dll
0x00007ffe5b800000 - 0x00007ffe5b9e4000 	C:\Windows\SYSTEM32\DBGHELP.DLL
0x00007ffe49080000 - 0x00007ffe490b4000 	C:\Windows\SYSTEM32\dbgcore.DLL
0x00007ffe61320000 - 0x00007ffe613a2000 	C:\Windows\System32\bcryptPrimitives.dll
0x00007ffe55f80000 - 0x00007ffe55fa5000 	C:\Program Files\Android\Android Studio\jbr\bin\java.dll
0x00007ffe56c90000 - 0x00007ffe56ca8000 	C:\Program Files\Android\Android Studio\jbr\bin\zip.dll
0x00007ffe62980000 - 0x00007ffe630ec000 	C:\Windows\System32\SHELL32.dll
0x00007ffe5f140000 - 0x00007ffe5f8dd000 	C:\Windows\SYSTEM32\windows.storage.dll
0x00007ffe622a0000 - 0x00007ffe625f3000 	C:\Windows\System32\combase.dll
0x00007ffe60a60000 - 0x00007ffe60a8e000 	C:\Windows\SYSTEM32\Wldp.dll
0x00007ffe61bc0000 - 0x00007ffe61c8d000 	C:\Windows\System32\OLEAUT32.dll
0x00007ffe62840000 - 0x00007ffe628ed000 	C:\Windows\System32\SHCORE.dll
0x00007ffe639b0000 - 0x00007ffe63a05000 	C:\Windows\System32\shlwapi.dll
0x00007ffe61040000 - 0x00007ffe61064000 	C:\Windows\SYSTEM32\profapi.dll
0x00007ffe561f0000 - 0x00007ffe56209000 	C:\Program Files\Android\Android Studio\jbr\bin\net.dll
0x00007ffe5b140000 - 0x00007ffe5b24a000 	C:\Windows\SYSTEM32\WINHTTP.dll
0x00007ffe607c0000 - 0x00007ffe6082a000 	C:\Windows\system32\mswsock.dll
0x00007ffe55f20000 - 0x00007ffe55f36000 	C:\Program Files\Android\Android Studio\jbr\bin\nio.dll
0x00007ffe59eb0000 - 0x00007ffe59ec0000 	C:\Program Files\Android\Android Studio\jbr\bin\verify.dll

dbghelp: loaded successfully - version: 4.0.5 - missing functions: none
symbol engine: initialized successfully - sym options: 0x614 - pdb path: .;C:\Program Files\Android\Android Studio\jbr\bin;C:\Windows\SYSTEM32;C:\Windows\WinSxS\amd64_microsoft.windows.common-controls_6595b64144ccf1df_6.0.19041.4355_none_60b8b9eb71f62e16;C:\Program Files\Android\Android Studio\jbr\bin\server

VM Arguments:
java_command: org.jetbrains.kotlin.cli.jvm.K2JVMCompiler @F:\A Smruti Android Project\RetailonePOS\app\build\20240723_8259631530752611919.compiler.options
java_class_path (initial): C:\Users\user\.gradle\caches\modules-2\files-2.1\org.jetbrains.kotlin\kotlin-compiler-embeddable\1.9.0\2c8c3a7402becca891f12739b3e9fd2dc2adbd7a\kotlin-compiler-embeddable-1.9.0.jar;C:\Users\user\.gradle\caches\modules-2\files-2.1\org.jetbrains.kotlin\kotlin-stdlib\1.9.0\8ee15ef0c67dc83d874f412d84378d7f0eb50b63\kotlin-stdlib-1.9.0.jar;C:\Users\user\.gradle\caches\modules-2\files-2.1\org.jetbrains.kotlin\kotlin-script-runtime\1.9.0\4b3102cbbb7e1b58d9d1adf89563f00069ffa7d1\kotlin-script-runtime-1.9.0.jar;C:\Users\user\.gradle\caches\modules-2\files-2.1\org.jetbrains.kotlin\kotlin-reflect\1.6.10\1cbe9c92c12a94eea200d23c2bbaedaf3daf5132\kotlin-reflect-1.6.10.jar;C:\Users\user\.gradle\caches\modules-2\files-2.1\org.jetbrains.kotlin\kotlin-daemon-embeddable\1.9.0\186543f5e28cf8d9a0290fecc2cf34301c40a65c\kotlin-daemon-embeddable-1.9.0.jar;C:\Users\user\.gradle\caches\modules-2\files-2.1\org.jetbrains.intellij.deps\trove4j\1.0.20200330\3afb14d5f9ceb459d724e907a21145e8ff394f02\trove4j-1.0.20200330.jar;C:\Users\user\.gradle\caches\modules-2\files-2.1\org.jetbrains.kotlin\kotlin-stdlib-common\1.9.0\cd65c21cfd1eec4d44ef09f9f52b6d9f8a720636\kotlin-stdlib-common-1.9.0.jar;C:\Users\user\.gradle\caches\modules-2\files-2.1\org.jetbrains\annotations\13.0\919f0dfe192fb4e063e7dacadee7f8bb9a2672a9\annotations-13.0.jar
Launcher Type: SUN_STANDARD

[Global flags]
     intx CICompilerCount                          = 3                                         {product} {ergonomic}
     uint ConcGCThreads                            = 1                                         {product} {ergonomic}
     uint G1ConcRefinementThreads                  = 4                                         {product} {ergonomic}
   size_t G1HeapRegionSize                         = 1048576                                   {product} {ergonomic}
    uintx GCDrainStackTargetSize                   = 64                                        {product} {ergonomic}
   size_t InitialHeapSize                          = 134217728                                 {product} {ergonomic}
   size_t MarkStackSize                            = 4194304                                   {product} {ergonomic}
   size_t MaxHeapSize                              = 2116026368                                {product} {ergonomic}
   size_t MaxNewSize                               = 1268776960                                {product} {ergonomic}
   size_t MinHeapDeltaBytes                        = 1048576                                   {product} {ergonomic}
   size_t MinHeapSize                              = 8388608                                   {product} {ergonomic}
    uintx NonNMethodCodeHeapSize                   = 5832780                                {pd product} {ergonomic}
    uintx NonProfiledCodeHeapSize                  = 122912730                              {pd product} {ergonomic}
    uintx ProfiledCodeHeapSize                     = 122912730                              {pd product} {ergonomic}
    uintx ReservedCodeCacheSize                    = 251658240                              {pd product} {ergonomic}
     bool SegmentedCodeCache                       = true                                      {product} {ergonomic}
   size_t SoftMaxHeapSize                          = 2116026368                             {manageable} {ergonomic}
     bool UseCompressedClassPointers               = true                           {product lp64_product} {ergonomic}
     bool UseCompressedOops                        = true                           {product lp64_product} {ergonomic}
     bool UseG1GC                                  = true                                      {product} {ergonomic}
     bool UseLargePagesIndividualAllocation        = false                                  {pd product} {ergonomic}

Logging:
Log output configuration:
 #0: stdout all=warning uptime,level,tags
 #1: stderr all=off uptime,level,tags

Environment Variables:
PATH=C:\Program Files\Common Files\Oracle\Java\javapath;C:\Windows\system32;C:\Windows;C:\Windows\System32\Wbem;C:\Windows\System32\WindowsPowerShell\v1.0\;C:\Windows\System32\OpenSSH\;C:\Program Files\dotnet\;C:\Program Files\Git\cmd;C:\Program Files\Microsoft SQL Server\150\Tools\Binn\;C:\Program Files\Microsoft SQL Server\Client SDK\ODBC\170\Tools\Binn\;C:\Program Files (x86)\Windows Kits\10\Windows Performance Toolkit\;C:\Users\user\AppData\Local\Microsoft\WindowsApps;C:\Users\user\.dotnet\tools;C:\Users\user\AppData\Local\Programs\Microsoft VS Code\bin;C:\Program Files\Git\bin;F:\flutter\bin;C:\Users\user\AppData\Local\GitHubDesktop\bin;C:\Program Files\Java\jdk-17\bin;
USERNAME=user
OS=Windows_NT
PROCESSOR_IDENTIFIER=Intel64 Family 6 Model 78 Stepping 3, GenuineIntel
TMP=C:\Users\user\AppData\Local\Temp
TEMP=C:\Users\user\AppData\Local\Temp


JNI global refs:
JNI global refs: 10, weak refs: 8

JNI global refs memory usage: 843, weak refs: 841

OOME stack traces (most recent first):
Classloader memory used:
Loader jdk.internal.loader.ClassLoaders$AppClassLoader                                 : 7620K
Loader bootstrap                                                                       : 1392K
Loader jdk.internal.reflect.DelegatingClassLoader                                      : 102K
Loader java.net.URLClassLoader                                                         : 16575B


---------------  S Y S T E M  ---------------

OS:
 Windows 10 , 64 bit Build 19041 (10.0.19041.3636)
OS uptime: 26 days 6:12 hours

CPU: total 4 (initial active 4) (2 cores per cpu, 2 threads per core) family 6 model 78 stepping 3 microcode 0xd6, cx8, cmov, fxsr, ht, mmx, 3dnowpref, sse, sse2, sse3, ssse3, sse4.1, sse4.2, popcnt, lzcnt, tsc, tscinvbit, avx, avx2, aes, erms, clmul, bmi1, bmi2, rtm, adx, fma, vzeroupper, clflush, clflushopt

Memory: 4k page, system-wide physical 8071M (371M free)
TotalPageFile size 32647M (AvailPageFile size 5M)
current process WorkingSet (physical memory assigned to process): 391M, peak: 403M
current process commit charge ("private bytes"): 436M, peak: 447M

vm_info: OpenJDK 64-Bit Server VM (17.0.7+0-b2043.56-10550314) for windows-amd64 JRE (17.0.7+0-b2043.56-10550314), built on Jul 24 2023 18:27:45 by "androidbuild" with MS VC++ 16.10 / 16.11 (VS2019)

END.
