#
# There is insufficient memory for the Java Runtime Environment to continue.
# Native memory allocation (malloc) failed to allocate 1895696 bytes for Chunk::new
# Possible reasons:
#   The system is out of physical RAM or swap space
#   The process is running with CompressedOops enabled, and the Java Heap may be blocking the growth of the native heap
# Possible solutions:
#   Reduce memory load on the system
#   Increase physical memory or swap space
#   Check if swap backing store is full
#   Decrease Java heap size (-Xmx/-Xms)
#   Decrease number of Java threads
#   Decrease Java thread stack sizes (-Xss)
#   Set larger code cache with -XX:ReservedCodeCacheSize=
#   JVM is running with Unscaled Compressed Oops mode in which the Java heap is
#     placed in the first 4GB address space. The Java Heap base address is the
#     maximum limit for the native heap growth. Please use -XX:HeapBaseMinAddress
#     to set the Java Heap base and to place the Java Heap above 4GB virtual address.
# This output file may be truncated or incomplete.
#
#  Out of Memory Error (arena.cpp:189), pid=10800, tid=14544
#
# JRE version: OpenJDK Runtime Environment (17.0.7) (build 17.0.7+0-b2043.56-10550314)
# Java VM: OpenJDK 64-Bit Server VM (17.0.7+0-b2043.56-10550314, mixed mode, tiered, compressed oops, compressed class ptrs, g1 gc, windows-amd64)
# No core dump will be written. Minidumps are not enabled by default on client versions of Windows
#

---------------  S U M M A R Y ------------

Command Line: org.jetbrains.kotlin.cli.jvm.K2JVMCompiler @F:\A Smruti Android Project\RetailonePOS\app\build\20240723_2465631943591382994.compiler.options

Host: Intel(R) Core(TM) i5-6300U CPU @ 2.40GHz, 4 cores, 7G,  Windows 10 , 64 bit Build 19041 (10.0.19041.3636)
Time: Tue Jul 23 18:59:58 2024 India Standard Time elapsed time: 27.542794 seconds (0d 0h 0m 27s)

---------------  T H R E A D  ---------------

Current thread (0x0000029a7e025690):  JavaThread "C2 CompilerThread0" daemon [_thread_in_native, id=14544, stack(0x000000abed400000,0x000000abed500000)]


Current CompileTask:
C2:  27542 7863       4       org.jetbrains.kotlin.load.java.structure.impl.classFiles.BinaryJavaMethodBase$Companion::create (572 bytes)

Stack: [0x000000abed400000,0x000000abed500000]
Native frames: (J=compiled Java code, j=interpreted, Vv=VM code, C=native code)
V  [jvm.dll+0x683bfa]
V  [jvm.dll+0x8430a4]
V  [jvm.dll+0x8449be]
V  [jvm.dll+0x845023]
V  [jvm.dll+0x24ad2f]
V  [jvm.dll+0xac25c]
V  [jvm.dll+0xac82c]
V  [jvm.dll+0x36a132]
V  [jvm.dll+0x334821]
V  [jvm.dll+0x333cca]
V  [jvm.dll+0x21d251]
V  [jvm.dll+0x21c671]
V  [jvm.dll+0x1a605d]
V  [jvm.dll+0x22c148]
V  [jvm.dll+0x22a209]
V  [jvm.dll+0x7f858c]
V  [jvm.dll+0x7f2aea]
V  [jvm.dll+0x682a35]
C  [ucrtbase.dll+0x21bb2]
C  [KERNEL32.DLL+0x17344]
C  [ntdll.dll+0x4cc91]


---------------  P R O C E S S  ---------------

Threads class SMR info:
_java_thread_list=0x0000029a00196ef0, length=12, elements={
0x0000029a60521d70, 0x0000029a79a36020, 0x0000029a79a36f20, 0x0000029a79a434c0,
0x0000029a79a45480, 0x0000029a7e024000, 0x0000029a7e0249b0, 0x0000029a7e025690,
0x0000029a7e0268d0, 0x0000029a79a4e6c0, 0x0000029a7e19c6f0, 0x0000029a7e1b12e0
}

Java Threads: ( => current thread )
  0x0000029a60521d70 JavaThread "main" [_thread_in_native, id=1220, stack(0x000000abec700000,0x000000abec800000)]
  0x0000029a79a36020 JavaThread "Reference Handler" daemon [_thread_blocked, id=13544, stack(0x000000abece00000,0x000000abecf00000)]
  0x0000029a79a36f20 JavaThread "Finalizer" daemon [_thread_blocked, id=10928, stack(0x000000abecf00000,0x000000abed000000)]
  0x0000029a79a434c0 JavaThread "Signal Dispatcher" daemon [_thread_blocked, id=4752, stack(0x000000abed000000,0x000000abed100000)]
  0x0000029a79a45480 JavaThread "Attach Listener" daemon [_thread_blocked, id=11456, stack(0x000000abed100000,0x000000abed200000)]
  0x0000029a7e024000 JavaThread "Service Thread" daemon [_thread_blocked, id=9548, stack(0x000000abed200000,0x000000abed300000)]
  0x0000029a7e0249b0 JavaThread "Monitor Deflation Thread" daemon [_thread_blocked, id=17708, stack(0x000000abed300000,0x000000abed400000)]
=>0x0000029a7e025690 JavaThread "C2 CompilerThread0" daemon [_thread_in_native, id=14544, stack(0x000000abed400000,0x000000abed500000)]
  0x0000029a7e0268d0 JavaThread "C1 CompilerThread0" daemon [_thread_blocked, id=10504, stack(0x000000abed500000,0x000000abed600000)]
  0x0000029a79a4e6c0 JavaThread "Sweeper thread" daemon [_thread_blocked, id=14616, stack(0x000000abed600000,0x000000abed700000)]
  0x0000029a7e19c6f0 JavaThread "Notification Thread" daemon [_thread_blocked, id=8732, stack(0x000000abed700000,0x000000abed800000)]
  0x0000029a7e1b12e0 JavaThread "Common-Cleaner" daemon [_thread_blocked, id=16456, stack(0x000000abed900000,0x000000abeda00000)]

Other Threads:
  0x0000029a799fffc0 VMThread "VM Thread" [stack: 0x000000abecd00000,0x000000abece00000] [id=9204]
  0x0000029a7e19cbc0 WatcherThread [stack: 0x000000abed800000,0x000000abed900000] [id=17368]
  0x0000029a6057c230 GCTaskThread "GC Thread#0" [stack: 0x000000abec800000,0x000000abec900000] [id=3840]
  0x0000029a7e5883b0 GCTaskThread "GC Thread#1" [stack: 0x000000abeda00000,0x000000abedb00000] [id=1916]
  0x0000029a7e588660 GCTaskThread "GC Thread#2" [stack: 0x000000abedb00000,0x000000abedc00000] [id=1620]
  0x0000029a7e5ca040 GCTaskThread "GC Thread#3" [stack: 0x000000abedc00000,0x000000abedd00000] [id=8336]
  0x0000029a6058cdb0 ConcurrentGCThread "G1 Main Marker" [stack: 0x000000abec900000,0x000000abeca00000] [id=8684]
  0x0000029a6058d7c0 ConcurrentGCThread "G1 Conc#0" [stack: 0x000000abeca00000,0x000000abecb00000] [id=9404]
  0x0000029a605eea50 ConcurrentGCThread "G1 Refine#0" [stack: 0x000000abecb00000,0x000000abecc00000] [id=14604]
  0x0000029a004143c0 ConcurrentGCThread "G1 Refine#1" [stack: 0x000000abedd00000,0x000000abede00000] [id=18136]
  0x0000029a79862ed0 ConcurrentGCThread "G1 Service" [stack: 0x000000abecc00000,0x000000abecd00000] [id=10776]

Threads with active compile tasks:
C2 CompilerThread0    27583 7863       4       org.jetbrains.kotlin.load.java.structure.impl.classFiles.BinaryJavaMethodBase$Companion::create (572 bytes)

VM state: not at safepoint (normal execution)

VM Mutex/Monitor currently owned by a thread: None

Heap address: 0x0000000081e00000, size: 2018 MB, Compressed Oops mode: 32-bit

CDS archive(s) not mapped
Compressed class space mapped at: 0x0000000100000000-0x0000000140000000, reserved size: 1073741824
Narrow klass base: 0x0000000000000000, Narrow klass shift: 3, Narrow klass range: 0x140000000

GC Precious Log:
 CPUs: 4 total, 4 available
 Memory: 8071M
 Large Page Support: Disabled
 NUMA Support: Disabled
 Compressed Oops: Enabled (32-bit)
 Heap Region Size: 1M
 Heap Min Capacity: 8M
 Heap Initial Capacity: 128M
 Heap Max Capacity: 2018M
 Pre-touch: Disabled
 Parallel Workers: 4
 Concurrent Workers: 1
 Concurrent Refinement Workers: 4
 Periodic GC: Disabled

Heap:
 garbage-first heap   total 97280K, used 71001K [0x0000000081e00000, 0x0000000100000000)
  region size 1024K, 14 young (14336K), 1 survivors (1024K)
 Metaspace       used 58404K, committed 58624K, reserved 1114112K
  class space    used 6786K, committed 6912K, reserved 1048576K

Heap Regions: E=young(eden), S=young(survivor), O=old, HS=humongous(starts), HC=humongous(continues), CS=collection set, F=free, OA=open archive, CA=closed archive, TAMS=top-at-mark-start (previous, next)
|   0|0x0000000081e00000, 0x0000000081f00000, 0x0000000081f00000|100%|HS|  |TAMS 0x0000000081f00000, 0x0000000081e00000| Complete 
|   1|0x0000000081f00000, 0x0000000082000000, 0x0000000082000000|100%|HC|  |TAMS 0x0000000082000000, 0x0000000081f00000| Complete 
|   2|0x0000000082000000, 0x0000000082100000, 0x0000000082100000|100%|HC|  |TAMS 0x0000000082100000, 0x0000000082000000| Complete 
|   3|0x0000000082100000, 0x0000000082200000, 0x0000000082200000|100%|HC|  |TAMS 0x0000000082200000, 0x0000000082100000| Complete 
|   4|0x0000000082200000, 0x0000000082300000, 0x0000000082300000|100%| O|  |TAMS 0x0000000082300000, 0x0000000082200000| Untracked 
|   5|0x0000000082300000, 0x0000000082400000, 0x0000000082400000|100%| O|  |TAMS 0x0000000082400000, 0x0000000082300000| Untracked 
|   6|0x0000000082400000, 0x0000000082500000, 0x0000000082500000|100%| O|  |TAMS 0x0000000082500000, 0x0000000082400000| Untracked 
|   7|0x0000000082500000, 0x0000000082600000, 0x0000000082600000|100%| O|  |TAMS 0x0000000082600000, 0x0000000082500000| Untracked 
|   8|0x0000000082600000, 0x0000000082700000, 0x0000000082700000|100%| O|  |TAMS 0x0000000082700000, 0x0000000082600000| Untracked 
|   9|0x0000000082700000, 0x0000000082800000, 0x0000000082800000|100%| O|  |TAMS 0x0000000082800000, 0x0000000082700000| Untracked 
|  10|0x0000000082800000, 0x0000000082900000, 0x0000000082900000|100%| O|  |TAMS 0x0000000082900000, 0x0000000082800000| Untracked 
|  11|0x0000000082900000, 0x0000000082a00000, 0x0000000082a00000|100%| O|  |TAMS 0x0000000082a00000, 0x0000000082900000| Untracked 
|  12|0x0000000082a00000, 0x0000000082b00000, 0x0000000082b00000|100%| O|  |TAMS 0x0000000082b00000, 0x0000000082a00000| Untracked 
|  13|0x0000000082b00000, 0x0000000082c00000, 0x0000000082c00000|100%| O|  |TAMS 0x0000000082c00000, 0x0000000082b00000| Untracked 
|  14|0x0000000082c00000, 0x0000000082d00000, 0x0000000082d00000|100%| O|  |TAMS 0x0000000082d00000, 0x0000000082c00000| Untracked 
|  15|0x0000000082d00000, 0x0000000082e00000, 0x0000000082e00000|100%| O|  |TAMS 0x0000000082e00000, 0x0000000082d00000| Untracked 
|  16|0x0000000082e00000, 0x0000000082f00000, 0x0000000082f00000|100%| O|  |TAMS 0x0000000082f00000, 0x0000000082e00000| Untracked 
|  17|0x0000000082f00000, 0x0000000083000000, 0x0000000083000000|100%| O|  |TAMS 0x0000000083000000, 0x0000000082f00000| Untracked 
|  18|0x0000000083000000, 0x0000000083100000, 0x0000000083100000|100%| O|  |TAMS 0x0000000083100000, 0x0000000083000000| Untracked 
|  19|0x0000000083100000, 0x0000000083200000, 0x0000000083200000|100%| O|  |TAMS 0x0000000083200000, 0x0000000083100000| Untracked 
|  20|0x0000000083200000, 0x0000000083300000, 0x0000000083300000|100%| O|  |TAMS 0x0000000083300000, 0x0000000083200000| Untracked 
|  21|0x0000000083300000, 0x0000000083400000, 0x0000000083400000|100%| O|  |TAMS 0x0000000083400000, 0x0000000083300000| Untracked 
|  22|0x0000000083400000, 0x0000000083500000, 0x0000000083500000|100%| O|  |TAMS 0x0000000083500000, 0x0000000083400000| Untracked 
|  23|0x0000000083500000, 0x0000000083600000, 0x0000000083600000|100%|HS|  |TAMS 0x0000000083600000, 0x0000000083500000| Complete 
|  24|0x0000000083600000, 0x0000000083700000, 0x0000000083700000|100%|HC|  |TAMS 0x0000000083700000, 0x0000000083600000| Complete 
|  25|0x0000000083700000, 0x0000000083800000, 0x0000000083800000|100%| O|  |TAMS 0x0000000083800000, 0x0000000083700000| Untracked 
|  26|0x0000000083800000, 0x0000000083900000, 0x0000000083900000|100%| O|  |TAMS 0x0000000083900000, 0x0000000083800000| Untracked 
|  27|0x0000000083900000, 0x0000000083a00000, 0x0000000083a00000|100%| O|  |TAMS 0x0000000083a00000, 0x0000000083900000| Untracked 
|  28|0x0000000083a00000, 0x0000000083b00000, 0x0000000083b00000|100%| O|  |TAMS 0x0000000083b00000, 0x0000000083a00000| Untracked 
|  29|0x0000000083b00000, 0x0000000083c00000, 0x0000000083c00000|100%| O|  |TAMS 0x0000000083b00000, 0x0000000083b00000| Untracked 
|  30|0x0000000083c00000, 0x0000000083d00000, 0x0000000083d00000|100%| O|  |TAMS 0x0000000083d00000, 0x0000000083c00000| Untracked 
|  31|0x0000000083d00000, 0x0000000083e00000, 0x0000000083e00000|100%| O|  |TAMS 0x0000000083e00000, 0x0000000083d00000| Untracked 
|  32|0x0000000083e00000, 0x0000000083f00000, 0x0000000083f00000|100%| O|  |TAMS 0x0000000083f00000, 0x0000000083e00000| Untracked 
|  33|0x0000000083f00000, 0x0000000084000000, 0x0000000084000000|100%| O|  |TAMS 0x0000000084000000, 0x0000000083f00000| Untracked 
|  34|0x0000000084000000, 0x0000000084100000, 0x0000000084100000|100%| O|  |TAMS 0x0000000084100000, 0x0000000084000000| Untracked 
|  35|0x0000000084100000, 0x0000000084200000, 0x0000000084200000|100%| O|  |TAMS 0x0000000084200000, 0x0000000084100000| Untracked 
|  36|0x0000000084200000, 0x0000000084300000, 0x0000000084300000|100%| O|  |TAMS 0x0000000084300000, 0x0000000084200000| Untracked 
|  37|0x0000000084300000, 0x0000000084400000, 0x0000000084400000|100%| O|  |TAMS 0x0000000084400000, 0x0000000084300000| Untracked 
|  38|0x0000000084400000, 0x0000000084500000, 0x0000000084500000|100%| O|  |TAMS 0x0000000084500000, 0x0000000084400000| Untracked 
|  39|0x0000000084500000, 0x0000000084600000, 0x0000000084600000|100%| O|  |TAMS 0x0000000084600000, 0x0000000084500000| Untracked 
|  40|0x0000000084600000, 0x0000000084700000, 0x0000000084700000|100%| O|  |TAMS 0x0000000084700000, 0x0000000084600000| Untracked 
|  41|0x0000000084700000, 0x0000000084800000, 0x0000000084800000|100%|HS|  |TAMS 0x0000000084800000, 0x0000000084700000| Complete 
|  42|0x0000000084800000, 0x0000000084900000, 0x0000000084900000|100%|HC|  |TAMS 0x0000000084900000, 0x0000000084800000| Complete 
|  43|0x0000000084900000, 0x0000000084a00000, 0x0000000084a00000|100%| O|  |TAMS 0x0000000084a00000, 0x0000000084900000| Untracked 
|  44|0x0000000084a00000, 0x0000000084b00000, 0x0000000084b00000|100%| O|  |TAMS 0x0000000084b00000, 0x0000000084a00000| Untracked 
|  45|0x0000000084b00000, 0x0000000084b00000, 0x0000000084c00000|  0%| F|  |TAMS 0x0000000084b00000, 0x0000000084b00000| Untracked 
|  46|0x0000000084c00000, 0x0000000084d00000, 0x0000000084d00000|100%| O|  |TAMS 0x0000000084d00000, 0x0000000084c00000| Untracked 
|  47|0x0000000084d00000, 0x0000000084e00000, 0x0000000084e00000|100%| O|  |TAMS 0x0000000084e00000, 0x0000000084d00000| Untracked 
|  48|0x0000000084e00000, 0x0000000084f00000, 0x0000000084f00000|100%| O|  |TAMS 0x0000000084f00000, 0x0000000084e00000| Untracked 
|  49|0x0000000084f00000, 0x0000000085000000, 0x0000000085000000|100%| O|  |TAMS 0x0000000084f00000, 0x0000000084f00000| Untracked 
|  50|0x0000000085000000, 0x0000000085100000, 0x0000000085100000|100%| O|  |TAMS 0x0000000085000000, 0x0000000085000000| Untracked 
|  51|0x0000000085100000, 0x0000000085200000, 0x0000000085200000|100%| O|  |TAMS 0x0000000085100000, 0x0000000085100000| Untracked 
|  52|0x0000000085200000, 0x0000000085300000, 0x0000000085300000|100%| O|  |TAMS 0x0000000085200000, 0x0000000085200000| Untracked 
|  53|0x0000000085300000, 0x0000000085400000, 0x0000000085400000|100%| O|  |TAMS 0x0000000085300000, 0x0000000085300000| Untracked 
|  54|0x0000000085400000, 0x0000000085500000, 0x0000000085500000|100%| O|  |TAMS 0x0000000085400000, 0x0000000085400000| Untracked 
|  55|0x0000000085500000, 0x0000000085600000, 0x0000000085600000|100%| O|  |TAMS 0x0000000085500000, 0x0000000085500000| Untracked 
|  56|0x0000000085600000, 0x0000000085700000, 0x0000000085700000|100%| O|  |TAMS 0x0000000085600000, 0x0000000085600000| Untracked 
|  57|0x0000000085700000, 0x00000000857c1000, 0x0000000085800000| 75%| O|  |TAMS 0x0000000085700000, 0x0000000085700000| Untracked 
|  58|0x0000000085800000, 0x0000000085800000, 0x0000000085900000|  0%| F|  |TAMS 0x0000000085800000, 0x0000000085800000| Untracked 
|  59|0x0000000085900000, 0x0000000085900000, 0x0000000085a00000|  0%| F|  |TAMS 0x0000000085900000, 0x0000000085900000| Untracked 
|  60|0x0000000085a00000, 0x0000000085a00000, 0x0000000085b00000|  0%| F|  |TAMS 0x0000000085a00000, 0x0000000085a00000| Untracked 
|  61|0x0000000085b00000, 0x0000000085b00000, 0x0000000085c00000|  0%| F|  |TAMS 0x0000000085b00000, 0x0000000085b00000| Untracked 
|  62|0x0000000085c00000, 0x0000000085c00000, 0x0000000085d00000|  0%| F|  |TAMS 0x0000000085c00000, 0x0000000085c00000| Untracked 
|  63|0x0000000085d00000, 0x0000000085d00000, 0x0000000085e00000|  0%| F|  |TAMS 0x0000000085d00000, 0x0000000085d00000| Untracked 
|  64|0x0000000085e00000, 0x0000000085e00000, 0x0000000085f00000|  0%| F|  |TAMS 0x0000000085e00000, 0x0000000085e00000| Untracked 
|  65|0x0000000085f00000, 0x0000000085f00000, 0x0000000086000000|  0%| F|  |TAMS 0x0000000085f00000, 0x0000000085f00000| Untracked 
|  66|0x0000000086000000, 0x0000000086000000, 0x0000000086100000|  0%| F|  |TAMS 0x0000000086000000, 0x0000000086000000| Untracked 
|  67|0x0000000086100000, 0x0000000086100000, 0x0000000086200000|  0%| F|  |TAMS 0x0000000086100000, 0x0000000086100000| Untracked 
|  68|0x0000000086200000, 0x0000000086200000, 0x0000000086300000|  0%| F|  |TAMS 0x0000000086200000, 0x0000000086200000| Untracked 
|  69|0x0000000086300000, 0x0000000086300000, 0x0000000086400000|  0%| F|  |TAMS 0x0000000086300000, 0x0000000086300000| Untracked 
|  70|0x0000000086400000, 0x0000000086400000, 0x0000000086500000|  0%| F|  |TAMS 0x0000000086400000, 0x0000000086400000| Untracked 
|  71|0x0000000086500000, 0x0000000086500000, 0x0000000086600000|  0%| F|  |TAMS 0x0000000086500000, 0x0000000086500000| Untracked 
|  72|0x0000000086600000, 0x0000000086600000, 0x0000000086700000|  0%| F|  |TAMS 0x0000000086600000, 0x0000000086600000| Untracked 
|  73|0x0000000086700000, 0x0000000086700000, 0x0000000086800000|  0%| F|  |TAMS 0x0000000086700000, 0x0000000086700000| Untracked 
|  74|0x0000000086800000, 0x0000000086800000, 0x0000000086900000|  0%| F|  |TAMS 0x0000000086800000, 0x0000000086800000| Untracked 
|  75|0x0000000086900000, 0x0000000086900000, 0x0000000086a00000|  0%| F|  |TAMS 0x0000000086900000, 0x0000000086900000| Untracked 
|  76|0x0000000086a00000, 0x0000000086a00000, 0x0000000086b00000|  0%| F|  |TAMS 0x0000000086a00000, 0x0000000086a00000| Untracked 
|  77|0x0000000086b00000, 0x0000000086b00000, 0x0000000086c00000|  0%| F|  |TAMS 0x0000000086b00000, 0x0000000086b00000| Untracked 
|  78|0x0000000086c00000, 0x0000000086c00000, 0x0000000086d00000|  0%| F|  |TAMS 0x0000000086c00000, 0x0000000086c00000| Untracked 
|  79|0x0000000086d00000, 0x0000000086d00000, 0x0000000086e00000|  0%| F|  |TAMS 0x0000000086d00000, 0x0000000086d00000| Untracked 
|  80|0x0000000086e00000, 0x0000000086e00000, 0x0000000086f00000|  0%| F|  |TAMS 0x0000000086e00000, 0x0000000086e00000| Untracked 
|  81|0x0000000086f00000, 0x0000000087000000, 0x0000000087000000|100%| E|  |TAMS 0x0000000086f00000, 0x0000000086f00000| Complete 
|  82|0x0000000087000000, 0x0000000087100000, 0x0000000087100000|100%| E|CS|TAMS 0x0000000087000000, 0x0000000087000000| Complete 
|  83|0x0000000087100000, 0x0000000087200000, 0x0000000087200000|100%| E|CS|TAMS 0x0000000087100000, 0x0000000087100000| Complete 
|  84|0x0000000087200000, 0x0000000087300000, 0x0000000087300000|100%| E|CS|TAMS 0x0000000087200000, 0x0000000087200000| Complete 
|  85|0x0000000087300000, 0x0000000087400000, 0x0000000087400000|100%| E|CS|TAMS 0x0000000087300000, 0x0000000087300000| Complete 
|  86|0x0000000087400000, 0x0000000087500000, 0x0000000087500000|100%| E|CS|TAMS 0x0000000087400000, 0x0000000087400000| Complete 
|  87|0x0000000087500000, 0x0000000087600000, 0x0000000087600000|100%| E|CS|TAMS 0x0000000087500000, 0x0000000087500000| Complete 
|  88|0x0000000087600000, 0x0000000087700000, 0x0000000087700000|100%| E|CS|TAMS 0x0000000087600000, 0x0000000087600000| Complete 
|  90|0x0000000087800000, 0x0000000087900000, 0x0000000087900000|100%| E|CS|TAMS 0x0000000087800000, 0x0000000087800000| Complete 
|  91|0x0000000087900000, 0x0000000087a00000, 0x0000000087a00000|100%| E|CS|TAMS 0x0000000087900000, 0x0000000087900000| Complete 
|  92|0x0000000087a00000, 0x0000000087b00000, 0x0000000087b00000|100%| E|CS|TAMS 0x0000000087a00000, 0x0000000087a00000| Complete 
|  93|0x0000000087b00000, 0x0000000087c00000, 0x0000000087c00000|100%| E|CS|TAMS 0x0000000087b00000, 0x0000000087b00000| Complete 
|  94|0x0000000087c00000, 0x0000000087c95760, 0x0000000087d00000| 58%| S|CS|TAMS 0x0000000087c00000, 0x0000000087c00000| Complete 
| 127|0x0000000089d00000, 0x0000000089e00000, 0x0000000089e00000|100%| E|CS|TAMS 0x0000000089d00000, 0x0000000089d00000| Complete 

Card table byte_map: [0x0000029a72e00000,0x0000029a73200000] _byte_map_base: 0x0000029a729f1000

Marking Bits (Prev, Next): (CMBitMap*) 0x0000029a6057c880, (CMBitMap*) 0x0000029a6057c840
 Prev Bits: [0x0000029a75590000, 0x0000029a77518000)
 Next Bits: [0x0000029a73600000, 0x0000029a75588000)

Polling page: 0x0000029a5fcf0000

Metaspace:

Usage:
  Non-class:     50.41 MB used.
      Class:      6.63 MB used.
       Both:     57.04 MB used.

Virtual space:
  Non-class space:       64.00 MB reserved,      50.50 MB ( 79%) committed,  1 nodes.
      Class space:        1.00 GB reserved,       6.75 MB ( <1%) committed,  1 nodes.
             Both:        1.06 GB reserved,      57.25 MB (  5%) committed. 

Chunk freelists:
   Non-Class:  12.81 MB
       Class:  9.23 MB
        Both:  22.04 MB

MaxMetaspaceSize: unlimited
CompressedClassSpaceSize: 1.00 GB
Initial GC threshold: 21.00 MB
Current GC threshold: 94.38 MB
CDS: off
MetaspaceReclaimPolicy: balanced
 - commit_granule_bytes: 65536.
 - commit_granule_words: 8192.
 - virtual_space_node_default_size: 8388608.
 - enlarge_chunks_in_place: 1.
 - new_chunks_are_fully_committed: 0.
 - uncommit_free_chunks: 1.
 - use_allocation_guard: 0.
 - handle_deallocations: 1.


Internal statistics:

num_allocs_failed_limit: 6.
num_arena_births: 270.
num_arena_deaths: 0.
num_vsnodes_births: 2.
num_vsnodes_deaths: 0.
num_space_committed: 914.
num_space_uncommitted: 0.
num_chunks_returned_to_freelist: 6.
num_chunks_taken_from_freelist: 2083.
num_chunk_merges: 6.
num_chunk_splits: 1689.
num_chunks_enlarged: 1474.
num_inconsistent_stats: 0.

CodeHeap 'non-profiled nmethods': size=120000Kb used=3866Kb max_used=3866Kb free=116133Kb
 bounds [0x0000029a6b4d0000, 0x0000029a6b8a0000, 0x0000029a72a00000]
CodeHeap 'profiled nmethods': size=120000Kb used=17997Kb max_used=17997Kb free=102002Kb
 bounds [0x0000029a63a00000, 0x0000029a64ba0000, 0x0000029a6af30000]
CodeHeap 'non-nmethods': size=5760Kb used=1286Kb max_used=1358Kb free=4473Kb
 bounds [0x0000029a6af30000, 0x0000029a6b1a0000, 0x0000029a6b4d0000]
 total_blobs=7573 nmethods=6975 adapters=508
 compilation: enabled
              stopped_count=0, restarted_count=0
 full_count=0

Compilation events (20 events):
Event: 27.515 Thread 0x0000029a7e0268d0 8017       3       org.jetbrains.kotlin.descriptors.impl.AbstractClassDescriptor$3::invoke (5 bytes)
Event: 27.515 Thread 0x0000029a7e0268d0 nmethod 8017 0x0000029a64b89c10 code [0x0000029a64b89dc0, 0x0000029a64b89fe8]
Event: 27.515 Thread 0x0000029a7e0268d0 8018       3       org.jetbrains.kotlin.descriptors.impl.AbstractClassDescriptor$3::invoke (12 bytes)
Event: 27.516 Thread 0x0000029a7e0268d0 nmethod 8018 0x0000029a64b8a110 code [0x0000029a64b8a2c0, 0x0000029a64b8a468]
Event: 27.517 Thread 0x0000029a7e0268d0 8019       3       org.jetbrains.kotlin.metadata.ProtoBuf$Property::getSerializedSize (496 bytes)
Event: 27.521 Thread 0x0000029a7e0268d0 nmethod 8019 0x0000029a64b8a510 code [0x0000029a64b8ab80, 0x0000029a64b8e078]
Event: 27.521 Thread 0x0000029a7e0268d0 8021       3       org.jetbrains.kotlin.load.java.AbstractAnnotationTypeQualifierResolver::hasAnnotation (85 bytes)
Event: 27.522 Thread 0x0000029a7e0268d0 nmethod 8021 0x0000029a64b8f310 code [0x0000029a64b8f600, 0x0000029a64b907e8]
Event: 27.522 Thread 0x0000029a7e0268d0 8020       3       org.jetbrains.kotlin.load.java.lazy.descriptors.LazyJavaClassDescriptor::<init> (21 bytes)
Event: 27.523 Thread 0x0000029a7e0268d0 nmethod 8020 0x0000029a64b90d90 code [0x0000029a64b90f40, 0x0000029a64b910c8]
Event: 27.523 Thread 0x0000029a7e0268d0 8023       3       org.jetbrains.kotlin.resolve.DescriptorUtils::unwrapFakeOverride (94 bytes)
Event: 27.524 Thread 0x0000029a7e0268d0 nmethod 8023 0x0000029a64b91190 code [0x0000029a64b91480, 0x0000029a64b922f8]
Event: 27.525 Thread 0x0000029a7e0268d0 8022       3       org.jetbrains.kotlin.resolve.DescriptorUtils::unwrapFakeOverrideToAnyDeclaration (35 bytes)
Event: 27.525 Thread 0x0000029a7e0268d0 nmethod 8022 0x0000029a64b92710 code [0x0000029a64b928e0, 0x0000029a64b92d48]
Event: 27.528 Thread 0x0000029a7e0268d0 8024       3       org.jetbrains.kotlin.cli.jvm.index.JvmDependenciesIndex::findClass$default (39 bytes)
Event: 27.528 Thread 0x0000029a7e0268d0 nmethod 8024 0x0000029a64b92e10 code [0x0000029a64b92fe0, 0x0000029a64b93398]
Event: 27.529 Thread 0x0000029a7e0268d0 8025       1       org.jetbrains.kotlin.load.java.structure.impl.classFiles.BinaryJavaTypeParameter::getName (5 bytes)
Event: 27.529 Thread 0x0000029a7e0268d0 nmethod 8025 0x0000029a6b896590 code [0x0000029a6b896720, 0x0000029a6b8967f8]
Event: 27.539 Thread 0x0000029a7e0268d0 8026       3       org.jetbrains.kotlin.load.java.lazy.descriptors.LazyJavaClassDescriptor::getUnsubstitutedInnerClassesScope (8 bytes)
Event: 27.539 Thread 0x0000029a7e0268d0 nmethod 8026 0x0000029a64b93510 code [0x0000029a64b936a0, 0x0000029a64b937b8]

GC Heap History (20 events):
Event: 17.187 GC heap before
{Heap before GC invocations=13 (full 0):
 garbage-first heap   total 76800K, used 53042K [0x0000000081e00000, 0x0000000100000000)
  region size 1024K, 32 young (32768K), 2 survivors (2048K)
 Metaspace       used 46225K, committed 46464K, reserved 1114112K
  class space    used 5566K, committed 5696K, reserved 1048576K
}
Event: 17.208 GC heap after
{Heap after GC invocations=14 (full 0):
 garbage-first heap   total 76800K, used 26622K [0x0000000081e00000, 0x0000000100000000)
  region size 1024K, 4 young (4096K), 4 survivors (4096K)
 Metaspace       used 46225K, committed 46464K, reserved 1114112K
  class space    used 5566K, committed 5696K, reserved 1048576K
}
Event: 18.492 GC heap before
{Heap before GC invocations=14 (full 0):
 garbage-first heap   total 76800K, used 58366K [0x0000000081e00000, 0x0000000100000000)
  region size 1024K, 32 young (32768K), 4 survivors (4096K)
 Metaspace       used 50298K, committed 50496K, reserved 1114112K
  class space    used 6055K, committed 6144K, reserved 1048576K
}
Event: 18.516 GC heap after
{Heap after GC invocations=15 (full 0):
 garbage-first heap   total 76800K, used 33944K [0x0000000081e00000, 0x0000000100000000)
  region size 1024K, 4 young (4096K), 4 survivors (4096K)
 Metaspace       used 50298K, committed 50496K, reserved 1114112K
  class space    used 6055K, committed 6144K, reserved 1048576K
}
Event: 19.264 GC heap before
{Heap before GC invocations=15 (full 0):
 garbage-first heap   total 76800K, used 56472K [0x0000000081e00000, 0x0000000100000000)
  region size 1024K, 26 young (26624K), 4 survivors (4096K)
 Metaspace       used 51221K, committed 51520K, reserved 1114112K
  class space    used 6089K, committed 6208K, reserved 1048576K
}
Event: 19.285 GC heap after
{Heap after GC invocations=16 (full 0):
 garbage-first heap   total 76800K, used 36728K [0x0000000081e00000, 0x0000000100000000)
  region size 1024K, 3 young (3072K), 3 survivors (3072K)
 Metaspace       used 51221K, committed 51520K, reserved 1114112K
  class space    used 6089K, committed 6208K, reserved 1048576K
}
Event: 21.099 GC heap before
{Heap before GC invocations=16 (full 0):
 garbage-first heap   total 76800K, used 57208K [0x0000000081e00000, 0x0000000100000000)
  region size 1024K, 23 young (23552K), 3 survivors (3072K)
 Metaspace       used 52888K, committed 53120K, reserved 1114112K
  class space    used 6214K, committed 6336K, reserved 1048576K
}
Event: 21.126 GC heap after
{Heap after GC invocations=17 (full 0):
 garbage-first heap   total 76800K, used 41654K [0x0000000081e00000, 0x0000000100000000)
  region size 1024K, 3 young (3072K), 3 survivors (3072K)
 Metaspace       used 52888K, committed 53120K, reserved 1114112K
  class space    used 6214K, committed 6336K, reserved 1048576K
}
Event: 23.395 GC heap before
{Heap before GC invocations=17 (full 0):
 garbage-first heap   total 76800K, used 57014K [0x0000000081e00000, 0x0000000100000000)
  region size 1024K, 19 young (19456K), 3 survivors (3072K)
 Metaspace       used 55918K, committed 56192K, reserved 1114112K
  class space    used 6601K, committed 6720K, reserved 1048576K
}
Event: 23.416 GC heap after
{Heap after GC invocations=18 (full 0):
 garbage-first heap   total 76800K, used 44516K [0x0000000081e00000, 0x0000000100000000)
  region size 1024K, 3 young (3072K), 3 survivors (3072K)
 Metaspace       used 55918K, committed 56192K, reserved 1114112K
  class space    used 6601K, committed 6720K, reserved 1048576K
}
Event: 24.539 GC heap before
{Heap before GC invocations=19 (full 0):
 garbage-first heap   total 80896K, used 59876K [0x0000000081e00000, 0x0000000100000000)
  region size 1024K, 17 young (17408K), 3 survivors (3072K)
 Metaspace       used 56894K, committed 57152K, reserved 1114112K
  class space    used 6693K, committed 6784K, reserved 1048576K
}
Event: 24.564 GC heap after
{Heap after GC invocations=20 (full 0):
 garbage-first heap   total 80896K, used 50176K [0x0000000081e00000, 0x0000000100000000)
  region size 1024K, 3 young (3072K), 3 survivors (3072K)
 Metaspace       used 56894K, committed 57152K, reserved 1114112K
  class space    used 6693K, committed 6784K, reserved 1048576K
}
Event: 24.579 GC heap before
{Heap before GC invocations=20 (full 0):
 garbage-first heap   total 80896K, used 51200K [0x0000000081e00000, 0x0000000100000000)
  region size 1024K, 4 young (4096K), 3 survivors (3072K)
 Metaspace       used 56898K, committed 57152K, reserved 1114112K
  class space    used 6693K, committed 6784K, reserved 1048576K
}
Event: 24.594 GC heap after
{Heap after GC invocations=21 (full 0):
 garbage-first heap   total 97280K, used 49705K [0x0000000081e00000, 0x0000000100000000)
  region size 1024K, 1 young (1024K), 1 survivors (1024K)
 Metaspace       used 56898K, committed 57152K, reserved 1114112K
  class space    used 6693K, committed 6784K, reserved 1048576K
}
Event: 25.913 GC heap before
{Heap before GC invocations=21 (full 0):
 garbage-first heap   total 97280K, used 73257K [0x0000000081e00000, 0x0000000100000000)
  region size 1024K, 25 young (25600K), 1 survivors (1024K)
 Metaspace       used 57362K, committed 57600K, reserved 1114112K
  class space    used 6725K, committed 6848K, reserved 1048576K
}
Event: 25.937 GC heap after
{Heap after GC invocations=22 (full 0):
 garbage-first heap   total 97280K, used 55135K [0x0000000081e00000, 0x0000000100000000)
  region size 1024K, 4 young (4096K), 4 survivors (4096K)
 Metaspace       used 57362K, committed 57600K, reserved 1114112K
  class space    used 6725K, committed 6848K, reserved 1048576K
}
Event: 27.037 GC heap before
{Heap before GC invocations=23 (full 0):
 garbage-first heap   total 97280K, used 74591K [0x0000000081e00000, 0x0000000100000000)
  region size 1024K, 23 young (23552K), 4 survivors (4096K)
 Metaspace       used 58213K, committed 58432K, reserved 1114112K
  class space    used 6768K, committed 6848K, reserved 1048576K
}
Event: 27.063 GC heap after
{Heap after GC invocations=24 (full 0):
 garbage-first heap   total 97280K, used 58768K [0x0000000081e00000, 0x0000000100000000)
  region size 1024K, 3 young (3072K), 3 survivors (3072K)
 Metaspace       used 58213K, committed 58432K, reserved 1114112K
  class space    used 6768K, committed 6848K, reserved 1048576K
}
Event: 27.087 GC heap before
{Heap before GC invocations=24 (full 0):
 garbage-first heap   total 97280K, used 59792K [0x0000000081e00000, 0x0000000100000000)
  region size 1024K, 4 young (4096K), 3 survivors (3072K)
 Metaspace       used 58216K, committed 58432K, reserved 1114112K
  class space    used 6768K, committed 6848K, reserved 1048576K
}
Event: 27.099 GC heap after
{Heap after GC invocations=25 (full 0):
 garbage-first heap   total 97280K, used 58713K [0x0000000081e00000, 0x0000000100000000)
  region size 1024K, 1 young (1024K), 1 survivors (1024K)
 Metaspace       used 58216K, committed 58432K, reserved 1114112K
  class space    used 6768K, committed 6848K, reserved 1048576K
}

Dll operation events (2 events):
Event: 0.020 Loaded shared library C:\Program Files\Android\Android Studio\jbr\bin\java.dll
Event: 4.438 Loaded shared library C:\Program Files\Android\Android Studio\jbr\bin\verify.dll

Deoptimization events (20 events):
Event: 27.120 Thread 0x0000029a60521d70 Uncommon trap: trap_request=0xffffffde fr.pc=0x0000029a6b6efc00 relative=0x00000000000000e0
Event: 27.120 Thread 0x0000029a60521d70 Uncommon trap: reason=class_check action=maybe_recompile pc=0x0000029a6b6efc00 method=java.util.Collections$UnmodifiableCollection$1.next()Ljava/lang/Object; @ 4 c2
Event: 27.120 Thread 0x0000029a60521d70 DEOPT PACKING pc=0x0000029a6b6efc00 sp=0x000000abec7faea0
Event: 27.120 Thread 0x0000029a60521d70 DEOPT UNPACKING pc=0x0000029a6af869a3 sp=0x000000abec7fae50 mode 2
Event: 27.120 Thread 0x0000029a60521d70 Uncommon trap: trap_request=0xffffffde fr.pc=0x0000029a6b5e61f0 relative=0x0000000000000070
Event: 27.120 Thread 0x0000029a60521d70 Uncommon trap: reason=class_check action=maybe_recompile pc=0x0000029a6b5e61f0 method=java.util.Collections$UnmodifiableCollection.size()I @ 4 c2
Event: 27.120 Thread 0x0000029a60521d70 DEOPT PACKING pc=0x0000029a6b5e61f0 sp=0x000000abec7fb150
Event: 27.120 Thread 0x0000029a60521d70 DEOPT UNPACKING pc=0x0000029a6af869a3 sp=0x000000abec7fb0d8 mode 2
Event: 27.121 Thread 0x0000029a60521d70 Uncommon trap: trap_request=0xffffff45 fr.pc=0x0000029a6b75605c relative=0x000000000000023c
Event: 27.121 Thread 0x0000029a60521d70 Uncommon trap: reason=unstable_if action=reinterpret pc=0x0000029a6b75605c method=java.util.HashMap.getNode(Ljava/lang/Object;)Ljava/util/HashMap$Node; @ 131 c2
Event: 27.121 Thread 0x0000029a60521d70 DEOPT PACKING pc=0x0000029a6b75605c sp=0x000000abec7fbdb0
Event: 27.121 Thread 0x0000029a60521d70 DEOPT UNPACKING pc=0x0000029a6af869a3 sp=0x000000abec7fbcb8 mode 2
Event: 27.139 Thread 0x0000029a60521d70 Uncommon trap: trap_request=0xffffff45 fr.pc=0x0000029a6b525700 relative=0x0000000000000260
Event: 27.139 Thread 0x0000029a60521d70 Uncommon trap: reason=unstable_if action=reinterpret pc=0x0000029a6b525700 method=java.util.HashMap.hash(Ljava/lang/Object;)I @ 1 c2
Event: 27.139 Thread 0x0000029a60521d70 DEOPT PACKING pc=0x0000029a6b525700 sp=0x000000abec7fd420
Event: 27.139 Thread 0x0000029a60521d70 DEOPT UNPACKING pc=0x0000029a6af869a3 sp=0x000000abec7fd318 mode 2
Event: 27.139 Thread 0x0000029a60521d70 Uncommon trap: trap_request=0xffffff45 fr.pc=0x0000029a6b52cd98 relative=0x0000000000000098
Event: 27.139 Thread 0x0000029a60521d70 Uncommon trap: reason=unstable_if action=reinterpret pc=0x0000029a6b52cd98 method=java.util.HashMap.hash(Ljava/lang/Object;)I @ 1 c2
Event: 27.139 Thread 0x0000029a60521d70 DEOPT PACKING pc=0x0000029a6b52cd98 sp=0x000000abec7fd370
Event: 27.139 Thread 0x0000029a60521d70 DEOPT UNPACKING pc=0x0000029a6af869a3 sp=0x000000abec7fd308 mode 2

Classes unloaded (0 events):
No events

Classes redefined (0 events):
No events

Internal exceptions (20 events):
Event: 10.506 Thread 0x0000029a60521d70 Implicit null exception at 0x0000029a6b4ec0f2 to 0x0000029a6b4ec70c
Event: 10.632 Thread 0x0000029a60521d70 Exception <a 'java/lang/NoSuchMethodError'{0x0000000087bcdaa0}: 'java.lang.Object java.lang.invoke.DirectMethodHandle$Holder.invokeVirtual(java.lang.Object, java.lang.Object, java.lang.Object)'> (0x0000000087bcdaa0) 
thrown [s\src\hotspot\share\interpreter\linkResolver.cpp, line 771]
Event: 13.660 Thread 0x0000029a60521d70 Exception <a 'java/lang/NoSuchMethodError'{0x0000000085f93660}: 'java.lang.Object java.lang.invoke.DirectMethodHandle$Holder.newInvokeSpecial(java.lang.Object, java.lang.Object, int)'> (0x0000000085f93660) 
thrown [s\src\hotspot\share\interpreter\linkResolver.cpp, line 771]
Event: 15.251 Thread 0x0000029a60521d70 Exception <a 'java/lang/NoSuchMethodError'{0x00000000852aadd0}: 'java.lang.Object java.lang.invoke.DirectMethodHandle$Holder.newInvokeSpecial(java.lang.Object, java.lang.Object, java.lang.Object, int)'> (0x00000000852aadd0) 
thrown [s\src\hotspot\share\interpreter\linkResolver.cpp, line 771]
Event: 15.252 Thread 0x0000029a60521d70 Exception <a 'java/lang/NoSuchMethodError'{0x00000000852af458}: 'java.lang.Object java.lang.invoke.DirectMethodHandle$Holder.invokeSpecial(java.lang.Object, java.lang.Object, java.lang.Object, java.lang.Object, int)'> (0x00000000852af458) 
thrown [s\src\hotspot\share\interpreter\linkResolver.cpp, line 771]
Event: 15.254 Thread 0x0000029a60521d70 Exception <a 'java/lang/NoSuchMethodError'{0x00000000852b32c8}: 'java.lang.Object java.lang.invoke.Invokers$Holder.linkToTargetMethod(java.lang.Object, java.lang.Object, int, java.lang.Object)'> (0x00000000852b32c8) 
thrown [s\src\hotspot\share\interpreter\linkResolver.cpp, line 771]
Event: 21.823 Thread 0x0000029a60521d70 Exception <a 'java/lang/NoSuchMethodError'{0x0000000087a832e8}: 'java.lang.Object java.lang.invoke.DirectMethodHandle$Holder.newInvokeSpecial(java.lang.Object, java.lang.Object, java.lang.Object, java.lang.Object, java.lang.Object, java.lang.Object, java.lang.Object, java.lang.Object)'> (0x0000000087a832e8) 
thrown [s\src\hotspot\share\interpreter\linkResolver.cpp, line 771]
Event: 21.824 Thread 0x0000029a60521d70 Exception <a 'java/lang/NoSuchMethodError'{0x0000000087a88900}: 'java.lang.Object java.lang.invoke.DirectMethodHandle$Holder.invokeSpecial(java.lang.Object, java.lang.Object, java.lang.Object, java.lang.Object, java.lang.Object, java.lang.Object, java.lang.Object, java.lang.Object, java.lang.Object)'> (0x0000000087a88900) 
thrown [s\src\hotspot\share\interpreter\linkResolver.cpp, line 771]
Event: 21.824 Thread 0x0000029a60521d70 Exception <a 'java/lang/NoSuchMethodError'{0x0000000087a8d830}: 'java.lang.Object java.lang.invoke.Invokers$Holder.linkToTargetMethod(java.lang.Object, java.lang.Object, java.lang.Object, java.lang.Object, java.lang.Object, java.lang.Object, java.lang.Object, java.lang.Object)'> (0x0000000087a8d830) 
thrown [s\src\hotspot\share\interpreter\linkResolver.cpp, line 771]
Event: 23.108 Thread 0x0000029a60521d70 Exception <a 'java/lang/NoSuchMethodError'{0x0000000085e98e00}: 'java.lang.Object java.lang.invoke.DirectMethodHandle$Holder.invokeStatic(java.lang.Object, java.lang.Object, java.lang.Object, java.lang.Object, int)'> (0x0000000085e98e00) 
thrown [s\src\hotspot\share\interpreter\linkResolver.cpp, line 771]
Event: 23.110 Thread 0x0000029a60521d70 Exception <a 'java/lang/NoSuchMethodError'{0x0000000085ea2840}: 'java.lang.Object java.lang.invoke.DirectMethodHandle$Holder.newInvokeSpecial(java.lang.Object, java.lang.Object, java.lang.Object, java.lang.Object, int)'> (0x0000000085ea2840) 
thrown [s\src\hotspot\share\interpreter\linkResolver.cpp, line 771]
Event: 23.111 Thread 0x0000029a60521d70 Exception <a 'java/lang/NoSuchMethodError'{0x0000000085eaa760}: 'java.lang.Object java.lang.invoke.Invokers$Holder.linkToTargetMethod(java.lang.Object, java.lang.Object, java.lang.Object, int, java.lang.Object)'> (0x0000000085eaa760) 
thrown [s\src\hotspot\share\interpreter\linkResolver.cpp, line 771]
Event: 23.302 Thread 0x0000029a60521d70 Implicit null exception at 0x0000029a6b7861d4 to 0x0000029a6b7866a8
Event: 23.499 Thread 0x0000029a60521d70 Implicit null exception at 0x0000029a6b77ced3 to 0x0000029a6b77d09c
Event: 24.971 Thread 0x0000029a60521d70 Exception <a 'java/lang/NoSuchMethodError'{0x0000000087006a88}: 'java.lang.Object java.lang.invoke.DirectMethodHandle$Holder.newInvokeSpecial(java.lang.Object, java.lang.Object, java.lang.Object, java.lang.Object, java.lang.Object, java.lang.Object)'> (0x0000000087006a88) 
thrown [s\src\hotspot\share\interpreter\linkResolver.cpp, line 771]
Event: 26.084 Thread 0x0000029a60521d70 Exception <a 'java/lang/NoSuchMethodError'{0x0000000087b4f460}: 'java.lang.Object java.lang.invoke.DirectMethodHandle$Holder.invokeStaticInit(java.lang.Object, java.lang.Object, java.lang.Object)'> (0x0000000087b4f460) 
thrown [s\src\hotspot\share\interpreter\linkResolver.cpp, line 771]
Event: 27.139 Thread 0x0000029a60521d70 Implicit null exception at 0x0000029a6b5254f1 to 0x0000029a6b5256e8
Event: 27.139 Thread 0x0000029a60521d70 Implicit null exception at 0x0000029a6b52cd0f to 0x0000029a6b52cd89
Event: 27.340 Thread 0x0000029a60521d70 Exception <a 'java/lang/NoSuchMethodError'{0x00000000873352e8}: 'java.lang.Object java.lang.invoke.DirectMethodHandle$Holder.newInvokeSpecial(java.lang.Object, int, java.lang.Object)'> (0x00000000873352e8) 
thrown [s\src\hotspot\share\interpreter\linkResolver.cpp, line 771]
Event: 27.383 Thread 0x0000029a60521d70 Exception <a 'java/lang/NoSuchMethodError'{0x000000008733b948}: 'int java.lang.invoke.DirectMethodHandle$Holder.invokeInterface(java.lang.Object, java.lang.Object)'> (0x000000008733b948) 
thrown [s\src\hotspot\share\interpreter\linkResolver.cpp, line 771]

VM Operations (20 events):
Event: 25.912 Executing VM operation: G1CollectForAllocation
Event: 25.937 Executing VM operation: G1CollectForAllocation done
Event: 26.079 Executing VM operation: HandshakeAllThreads
Event: 26.079 Executing VM operation: HandshakeAllThreads done
Event: 26.114 Executing VM operation: G1Concurrent
Event: 26.124 Executing VM operation: G1Concurrent done
Event: 26.224 Executing VM operation: G1Concurrent
Event: 26.224 Executing VM operation: G1Concurrent done
Event: 26.494 Executing VM operation: ICBufferFull
Event: 26.494 Executing VM operation: ICBufferFull done
Event: 26.692 Executing VM operation: ICBufferFull
Event: 26.692 Executing VM operation: ICBufferFull done
Event: 27.037 Executing VM operation: G1CollectForAllocation
Event: 27.063 Executing VM operation: G1CollectForAllocation done
Event: 27.087 Executing VM operation: G1CollectForAllocation
Event: 27.099 Executing VM operation: G1CollectForAllocation done
Event: 27.323 Executing VM operation: HandshakeAllThreads
Event: 27.323 Executing VM operation: HandshakeAllThreads done
Event: 27.384 Executing VM operation: ICBufferFull
Event: 27.384 Executing VM operation: ICBufferFull done

Events (20 events):
Event: 21.131 Thread 0x0000029a79a4e6c0 flushing nmethod 0x0000029a644a5390
Event: 21.131 Thread 0x0000029a79a4e6c0 flushing nmethod 0x0000029a644a6310
Event: 21.131 Thread 0x0000029a79a4e6c0 flushing nmethod 0x0000029a644a9c10
Event: 22.641 Thread 0x0000029a00970880 Thread exited: 0x0000029a00970880
Event: 22.930 Thread 0x0000029a7f3d6430 Thread added: 0x0000029a7f3d6430
Event: 23.051 loading class java/util/function/ToIntFunction
Event: 23.051 loading class java/util/function/ToIntFunction done
Event: 23.062 Thread 0x0000029a7f3d6430 Thread exited: 0x0000029a7f3d6430
Event: 23.135 loading class java/util/Collections$SingletonMap
Event: 23.135 loading class java/util/Collections$SingletonMap done
Event: 23.193 Thread 0x0000029a7faef820 Thread added: 0x0000029a7faef820
Event: 24.243 loading class java/util/RegularEnumSet$EnumSetIterator
Event: 24.243 loading class java/util/RegularEnumSet$EnumSetIterator done
Event: 24.960 Thread 0x0000029a79a4e6c0 flushing nmethod 0x0000029a6b697e90
Event: 24.960 Thread 0x0000029a79a4e6c0 flushing nmethod 0x0000029a6b736d90
Event: 24.970 Thread 0x0000029a79a4e6c0 flushing nmethod 0x0000029a642f9d90
Event: 24.972 Thread 0x0000029a79a4e6c0 flushing nmethod 0x0000029a6450dd90
Event: 24.972 Thread 0x0000029a79a4e6c0 flushing nmethod 0x0000029a6452f710
Event: 24.972 Thread 0x0000029a79a4e6c0 flushing nmethod 0x0000029a6457e010
Event: 26.005 Thread 0x0000029a7faef820 Thread exited: 0x0000029a7faef820


Dynamic libraries:
0x00007ff6716f0000 - 0x00007ff6716fa000 	C:\Program Files\Android\Android Studio\jbr\bin\java.exe
0x00007ffe63a50000 - 0x00007ffe63c48000 	C:\Windows\SYSTEM32\ntdll.dll
0x00007ffe61a90000 - 0x00007ffe61b4d000 	C:\Windows\System32\KERNEL32.DLL
0x00007ffe61450000 - 0x00007ffe61746000 	C:\Windows\System32\KERNELBASE.dll
0x00007ffe61870000 - 0x00007ffe61970000 	C:\Windows\System32\ucrtbase.dll
0x00007ffe553b0000 - 0x00007ffe553cb000 	C:\Program Files\Android\Android Studio\jbr\bin\VCRUNTIME140.dll
0x00007ffe55b30000 - 0x00007ffe55b47000 	C:\Program Files\Android\Android Studio\jbr\bin\jli.dll
0x00007ffe61c90000 - 0x00007ffe61e2f000 	C:\Windows\System32\USER32.dll
0x00007ffe617a0000 - 0x00007ffe617c2000 	C:\Windows\System32\win32u.dll
0x00007ffe62950000 - 0x00007ffe6297b000 	C:\Windows\System32\GDI32.dll
0x00007ffe61970000 - 0x00007ffe61a87000 	C:\Windows\System32\gdi32full.dll
0x00007ffe49150000 - 0x00007ffe493ea000 	C:\Windows\WinSxS\amd64_microsoft.windows.common-controls_6595b64144ccf1df_6.0.19041.4355_none_60b8b9eb71f62e16\COMCTL32.dll
0x00007ffe617d0000 - 0x00007ffe6186d000 	C:\Windows\System32\msvcp_win.dll
0x00007ffe62750000 - 0x00007ffe627ee000 	C:\Windows\System32\msvcrt.dll
0x00007ffe62810000 - 0x00007ffe6283f000 	C:\Windows\System32\IMM32.DLL
0x00007ffe55d60000 - 0x00007ffe55d6c000 	C:\Program Files\Android\Android Studio\jbr\bin\vcruntime140_1.dll
0x00007ffe21510000 - 0x00007ffe2159d000 	C:\Program Files\Android\Android Studio\jbr\bin\msvcp140.dll
0x00007ffe15fb0000 - 0x00007ffe16c30000 	C:\Program Files\Android\Android Studio\jbr\bin\server\jvm.dll
0x00007ffe630f0000 - 0x00007ffe631a0000 	C:\Windows\System32\ADVAPI32.dll
0x00007ffe63910000 - 0x00007ffe639b0000 	C:\Windows\System32\sechost.dll
0x00007ffe632d0000 - 0x00007ffe633f3000 	C:\Windows\System32\RPCRT4.dll
0x00007ffe61420000 - 0x00007ffe61447000 	C:\Windows\System32\bcrypt.dll
0x00007ffe42230000 - 0x00007ffe42239000 	C:\Windows\SYSTEM32\WSOCK32.dll
0x00007ffe626e0000 - 0x00007ffe6274b000 	C:\Windows\System32\WS2_32.dll
0x00007ffe41890000 - 0x00007ffe418b7000 	C:\Windows\SYSTEM32\WINMM.dll
0x00007ffe55150000 - 0x00007ffe5515a000 	C:\Windows\SYSTEM32\VERSION.dll
0x00007ffe5f920000 - 0x00007ffe5f932000 	C:\Windows\SYSTEM32\kernel.appcore.dll
0x00007ffe59ed0000 - 0x00007ffe59eda000 	C:\Program Files\Android\Android Studio\jbr\bin\jimage.dll
0x00007ffe5b800000 - 0x00007ffe5b9e4000 	C:\Windows\SYSTEM32\DBGHELP.DLL
0x00007ffe49080000 - 0x00007ffe490b4000 	C:\Windows\SYSTEM32\dbgcore.DLL
0x00007ffe61320000 - 0x00007ffe613a2000 	C:\Windows\System32\bcryptPrimitives.dll
0x00007ffe55f80000 - 0x00007ffe55fa5000 	C:\Program Files\Android\Android Studio\jbr\bin\java.dll
0x00007ffe56c90000 - 0x00007ffe56ca8000 	C:\Program Files\Android\Android Studio\jbr\bin\zip.dll
0x00007ffe62980000 - 0x00007ffe630ec000 	C:\Windows\System32\SHELL32.dll
0x00007ffe5f140000 - 0x00007ffe5f8dd000 	C:\Windows\SYSTEM32\windows.storage.dll
0x00007ffe622a0000 - 0x00007ffe625f3000 	C:\Windows\System32\combase.dll
0x00007ffe60a60000 - 0x00007ffe60a8e000 	C:\Windows\SYSTEM32\Wldp.dll
0x00007ffe61bc0000 - 0x00007ffe61c8d000 	C:\Windows\System32\OLEAUT32.dll
0x00007ffe62840000 - 0x00007ffe628ed000 	C:\Windows\System32\SHCORE.dll
0x00007ffe639b0000 - 0x00007ffe63a05000 	C:\Windows\System32\shlwapi.dll
0x00007ffe61040000 - 0x00007ffe61064000 	C:\Windows\SYSTEM32\profapi.dll
0x00007ffe561f0000 - 0x00007ffe56209000 	C:\Program Files\Android\Android Studio\jbr\bin\net.dll
0x00007ffe5b140000 - 0x00007ffe5b24a000 	C:\Windows\SYSTEM32\WINHTTP.dll
0x00007ffe607c0000 - 0x00007ffe6082a000 	C:\Windows\system32\mswsock.dll
0x00007ffe55f20000 - 0x00007ffe55f36000 	C:\Program Files\Android\Android Studio\jbr\bin\nio.dll
0x00007ffe59eb0000 - 0x00007ffe59ec0000 	C:\Program Files\Android\Android Studio\jbr\bin\verify.dll

dbghelp: loaded successfully - version: 4.0.5 - missing functions: none
symbol engine: initialized successfully - sym options: 0x614 - pdb path: .;C:\Program Files\Android\Android Studio\jbr\bin;C:\Windows\SYSTEM32;C:\Windows\WinSxS\amd64_microsoft.windows.common-controls_6595b64144ccf1df_6.0.19041.4355_none_60b8b9eb71f62e16;C:\Program Files\Android\Android Studio\jbr\bin\server

VM Arguments:
java_command: org.jetbrains.kotlin.cli.jvm.K2JVMCompiler @F:\A Smruti Android Project\RetailonePOS\app\build\20240723_2465631943591382994.compiler.options
java_class_path (initial): C:\Users\user\.gradle\caches\modules-2\files-2.1\org.jetbrains.kotlin\kotlin-compiler-embeddable\1.9.0\2c8c3a7402becca891f12739b3e9fd2dc2adbd7a\kotlin-compiler-embeddable-1.9.0.jar;C:\Users\user\.gradle\caches\modules-2\files-2.1\org.jetbrains.kotlin\kotlin-stdlib\1.9.0\8ee15ef0c67dc83d874f412d84378d7f0eb50b63\kotlin-stdlib-1.9.0.jar;C:\Users\user\.gradle\caches\modules-2\files-2.1\org.jetbrains.kotlin\kotlin-script-runtime\1.9.0\4b3102cbbb7e1b58d9d1adf89563f00069ffa7d1\kotlin-script-runtime-1.9.0.jar;C:\Users\user\.gradle\caches\modules-2\files-2.1\org.jetbrains.kotlin\kotlin-reflect\1.6.10\1cbe9c92c12a94eea200d23c2bbaedaf3daf5132\kotlin-reflect-1.6.10.jar;C:\Users\user\.gradle\caches\modules-2\files-2.1\org.jetbrains.kotlin\kotlin-daemon-embeddable\1.9.0\186543f5e28cf8d9a0290fecc2cf34301c40a65c\kotlin-daemon-embeddable-1.9.0.jar;C:\Users\user\.gradle\caches\modules-2\files-2.1\org.jetbrains.intellij.deps\trove4j\1.0.20200330\3afb14d5f9ceb459d724e907a21145e8ff394f02\trove4j-1.0.20200330.jar;C:\Users\user\.gradle\caches\modules-2\files-2.1\org.jetbrains.kotlin\kotlin-stdlib-common\1.9.0\cd65c21cfd1eec4d44ef09f9f52b6d9f8a720636\kotlin-stdlib-common-1.9.0.jar;C:\Users\user\.gradle\caches\modules-2\files-2.1\org.jetbrains\annotations\13.0\919f0dfe192fb4e063e7dacadee7f8bb9a2672a9\annotations-13.0.jar
Launcher Type: SUN_STANDARD

[Global flags]
     intx CICompilerCount                          = 3                                         {product} {ergonomic}
     uint ConcGCThreads                            = 1                                         {product} {ergonomic}
     uint G1ConcRefinementThreads                  = 4                                         {product} {ergonomic}
   size_t G1HeapRegionSize                         = 1048576                                   {product} {ergonomic}
    uintx GCDrainStackTargetSize                   = 64                                        {product} {ergonomic}
   size_t InitialHeapSize                          = 134217728                                 {product} {ergonomic}
   size_t MarkStackSize                            = 4194304                                   {product} {ergonomic}
   size_t MaxHeapSize                              = 2116026368                                {product} {ergonomic}
   size_t MaxNewSize                               = 1268776960                                {product} {ergonomic}
   size_t MinHeapDeltaBytes                        = 1048576                                   {product} {ergonomic}
   size_t MinHeapSize                              = 8388608                                   {product} {ergonomic}
    uintx NonNMethodCodeHeapSize                   = 5832780                                {pd product} {ergonomic}
    uintx NonProfiledCodeHeapSize                  = 122912730                              {pd product} {ergonomic}
    uintx ProfiledCodeHeapSize                     = 122912730                              {pd product} {ergonomic}
    uintx ReservedCodeCacheSize                    = 251658240                              {pd product} {ergonomic}
     bool SegmentedCodeCache                       = true                                      {product} {ergonomic}
   size_t SoftMaxHeapSize                          = 2116026368                             {manageable} {ergonomic}
     bool UseCompressedClassPointers               = true                           {product lp64_product} {ergonomic}
     bool UseCompressedOops                        = true                           {product lp64_product} {ergonomic}
     bool UseG1GC                                  = true                                      {product} {ergonomic}
     bool UseLargePagesIndividualAllocation        = false                                  {pd product} {ergonomic}

Logging:
Log output configuration:
 #0: stdout all=warning uptime,level,tags
 #1: stderr all=off uptime,level,tags

Environment Variables:
PATH=C:\Program Files\Common Files\Oracle\Java\javapath;C:\Windows\system32;C:\Windows;C:\Windows\System32\Wbem;C:\Windows\System32\WindowsPowerShell\v1.0\;C:\Windows\System32\OpenSSH\;C:\Program Files\dotnet\;C:\Program Files\Git\cmd;C:\Program Files\Microsoft SQL Server\150\Tools\Binn\;C:\Program Files\Microsoft SQL Server\Client SDK\ODBC\170\Tools\Binn\;C:\Program Files (x86)\Windows Kits\10\Windows Performance Toolkit\;C:\Users\user\AppData\Local\Microsoft\WindowsApps;C:\Users\user\.dotnet\tools;C:\Users\user\AppData\Local\Programs\Microsoft VS Code\bin;C:\Program Files\Git\bin;F:\flutter\bin;C:\Users\user\AppData\Local\GitHubDesktop\bin;C:\Program Files\Java\jdk-17\bin;
USERNAME=user
OS=Windows_NT
PROCESSOR_IDENTIFIER=Intel64 Family 6 Model 78 Stepping 3, GenuineIntel
TMP=C:\Users\user\AppData\Local\Temp
TEMP=C:\Users\user\AppData\Local\Temp


JNI global refs:
JNI global refs: 9, weak refs: 6

JNI global refs memory usage: 843, weak refs: 841

OOME stack traces (most recent first):
Classloader memory used:
Loader jdk.internal.loader.ClassLoaders$AppClassLoader                                 : 5947K
Loader bootstrap                                                                       : 1322K
Loader jdk.internal.reflect.DelegatingClassLoader                                      : 20750B
Loader java.net.URLClassLoader                                                         : 12054B


---------------  S Y S T E M  ---------------

OS:
 Windows 10 , 64 bit Build 19041 (10.0.19041.3636)
OS uptime: 26 days 6:39 hours

CPU: total 4 (initial active 4) (2 cores per cpu, 2 threads per core) family 6 model 78 stepping 3 microcode 0xd6, cx8, cmov, fxsr, ht, mmx, 3dnowpref, sse, sse2, sse3, ssse3, sse4.1, sse4.2, popcnt, lzcnt, tsc, tscinvbit, avx, avx2, aes, erms, clmul, bmi1, bmi2, rtm, adx, fma, vzeroupper, clflush, clflushopt

Memory: 4k page, system-wide physical 8071M (377M free)
TotalPageFile size 32647M (AvailPageFile size 6M)
current process WorkingSet (physical memory assigned to process): 250M, peak: 250M
current process commit charge ("private bytes"): 279M, peak: 282M

vm_info: OpenJDK 64-Bit Server VM (17.0.7+0-b2043.56-10550314) for windows-amd64 JRE (17.0.7+0-b2043.56-10550314), built on Jul 24 2023 18:27:45 by "androidbuild" with MS VC++ 16.10 / 16.11 (VS2019)

END.
